2019-11-19 17:07:58,338 file.manager INFO 1.2.0
2019-11-19 17:07:58,339 file.manager INFO Copyright (C) 2003-2010
2019-11-19 17:07:58,339 file.manager INFO   Noriaki Ando
2019-11-19 17:07:58,341 file.manager INFO   Intelligent Systems Research Institute, AIST
2019-11-19 17:07:58,341 file.manager INFO Manager starting.
2019-11-19 17:07:58,341 file.manager INFO Starting local logging.
2019-11-19 17:07:58,348 file.manager.namingmanager INFO NameServer connection succeeded: corba/localhost
2019-11-19 17:08:00,391 file.ManagerServant INFO Master manager not found
2019-11-19 17:08:00,398 file.LocalServiceAdmin INFO All the local services are enabled.
2019-11-19 17:08:00,401 file.LocalServiceAdmin INFO All the local services are enabled.
2019-11-19 17:08:00,436 file.manager INFO Component type conf file: Human_Tracking_py.conf loaded.
2019-11-19 17:08:00,453 file.ec_base INFO setRate(1000000.000000) done
2019-11-19 17:08:00,456 file.ec_base INFO setRate(1.000000) done
2019-11-19 17:08:00,461 file.rtobject INFO 1 execution context was created.
2019-11-19 17:08:00,480 file.rtobject INFO Initial active configuration set is default.
2019-11-19 17:08:02,927 file.SdoServiceAdmin WARNING No available SDO service in the factory: 
2019-11-19 17:08:02,927 file.SdoServiceAdmin ERROR type  already exists.
2019-11-19 17:08:06,355 file.ec_base WARNING The component is not responding.
2019-11-19 17:08:06,357 file.ec_base ERROR Unknown error: Invalid state transition.
2019-11-19 17:08:12,596 file.ManagerServant INFO Master manager not found
2019-11-19 17:08:24,769 file.ManagerServant INFO Master manager not found
2019-11-19 17:08:36,960 file.ManagerServant INFO Master manager not found
2019-11-19 17:08:41,457 file.ec_base ERROR The component is not responding.
2019-11-19 17:08:46,457 file.ec_worker ERROR State of the RTC is not ACTIVE_STATE.
2019-11-19 17:08:47,471 file.ec_worker WARNING ExecutionContext is already stopped.
2019-11-19 17:08:47,473 file.ec_base ERROR Invoking on_shutdown() for each RTC failed.
2019-11-19 17:08:49,164 file.ManagerServant INFO Master manager not found
