2019-11-19 16:57:51,655 file.manager INFO 1.2.0
2019-11-19 16:57:51,657 file.manager INFO Copyright (C) 2003-2010
2019-11-19 16:57:51,657 file.manager INFO   Noriaki Ando
2019-11-19 16:57:51,657 file.manager INFO   Intelligent Systems Research Institute, AIST
2019-11-19 16:57:51,657 file.manager INFO Manager starting.
2019-11-19 16:57:51,658 file.manager INFO Starting local logging.
2019-11-19 16:57:51,664 file.manager.namingmanager INFO NameServer connection succeeded: corba/localhost
2019-11-19 16:57:53,691 file.ManagerServant INFO Master manager not found
2019-11-19 16:57:53,700 file.LocalServiceAdmin INFO All the local services are enabled.
2019-11-19 16:57:53,703 file.LocalServiceAdmin INFO All the local services are enabled.
2019-11-19 16:57:53,726 file.manager INFO Component type conf file: Human_Tracking_py.conf loaded.
2019-11-19 16:57:53,743 file.ec_base INFO setRate(1000000.000000) done
2019-11-19 16:57:53,744 file.ec_base INFO setRate(10.000000) done
2019-11-19 16:57:53,752 file.rtobject INFO 1 execution context was created.
2019-11-19 16:57:53,772 file.rtobject INFO Initial active configuration set is default.
2019-11-19 16:58:02,359 file.SdoServiceAdmin WARNING No available SDO service in the factory: 
2019-11-19 16:58:02,361 file.SdoServiceAdmin ERROR type  already exists.
2019-11-19 16:58:05,842 file.ManagerServant INFO Master manager not found
2019-11-19 16:58:18,000 file.ManagerServant INFO Master manager not found
2019-11-19 16:58:30,173 file.ManagerServant INFO Master manager not found
2019-11-19 16:58:42,335 file.ManagerServant INFO Master manager not found
2019-11-19 16:58:54,493 file.ManagerServant INFO Master manager not found
2019-11-19 16:59:06,617 file.ManagerServant INFO Master manager not found
2019-11-19 16:59:18,723 file.ManagerServant INFO Master manager not found
