2019-11-20 16:26:06,697 file.manager INFO 1.2.0
2019-11-20 16:26:06,697 file.manager INFO Copyright (C) 2003-2010
2019-11-20 16:26:06,697 file.manager INFO   Noriaki Ando
2019-11-20 16:26:06,698 file.manager INFO   Intelligent Systems Research Institute, AIST
2019-11-20 16:26:06,700 file.manager INFO Manager starting.
2019-11-20 16:26:06,700 file.manager INFO Starting local logging.
2019-11-20 16:26:06,704 file.manager.namingmanager INFO NameServer connection succeeded: corba/localhost
2019-11-20 16:26:08,753 file.ManagerServant INFO Master manager not found
2019-11-20 16:26:08,759 file.LocalServiceAdmin INFO All the local services are enabled.
2019-11-20 16:26:08,759 file.LocalServiceAdmin INFO All the local services are enabled.
2019-11-20 16:26:08,779 file.manager INFO Component type conf file: Human_Tracking_py.conf loaded.
2019-11-20 16:26:08,792 file.ec_base INFO setRate(1000000.000000) done
2019-11-20 16:26:08,792 file.ec_base INFO setRate(100.000000) done
2019-11-20 16:26:08,796 file.rtobject INFO 1 execution context was created.
2019-11-20 16:26:08,809 file.rtobject INFO Initial active configuration set is default.
2019-11-20 16:26:12,226 file.SdoServiceAdmin WARNING No available SDO service in the factory: 
2019-11-20 16:26:12,226 file.SdoServiceAdmin ERROR type  already exists.
2019-11-20 16:26:20,911 file.ManagerServant INFO Master manager not found
2019-11-20 16:26:33,197 file.ManagerServant INFO Master manager not found
2019-11-20 16:26:45,408 file.ManagerServant INFO Master manager not found
2019-11-20 16:26:57,687 file.ManagerServant INFO Master manager not found
2019-11-20 16:27:09,911 file.ManagerServant INFO Master manager not found
2019-11-20 16:27:22,125 file.ManagerServant INFO Master manager not found
2019-11-20 16:27:34,351 file.ManagerServant INFO Master manager not found
2019-11-20 16:27:46,611 file.ManagerServant INFO Master manager not found
2019-11-20 16:27:58,825 file.ManagerServant INFO Master manager not found
2019-11-20 16:28:11,043 file.ManagerServant INFO Master manager not found
2019-11-20 16:28:23,243 file.ManagerServant INFO Master manager not found
2019-11-20 16:28:35,463 file.ManagerServant INFO Master manager not found
2019-11-20 16:28:47,674 file.ManagerServant INFO Master manager not found
2019-11-20 16:28:59,891 file.ManagerServant INFO Master manager not found
2019-11-20 16:29:12,115 file.ManagerServant INFO Master manager not found
