2019-11-20 16:33:56,743 file.manager INFO 1.2.0
2019-11-20 16:33:56,743 file.manager INFO Copyright (C) 2003-2010
2019-11-20 16:33:56,743 file.manager INFO   Noriaki Ando
2019-11-20 16:33:56,744 file.manager INFO   Intelligent Systems Research Institute, AIST
2019-11-20 16:33:56,744 file.manager INFO Manager starting.
2019-11-20 16:33:56,744 file.manager INFO Starting local logging.
2019-11-20 16:33:56,750 file.manager.namingmanager INFO NameServer connection succeeded: corba/localhost
2019-11-20 16:33:58,789 file.ManagerServant INFO Master manager not found
2019-11-20 16:33:58,793 file.LocalServiceAdmin INFO All the local services are enabled.
2019-11-20 16:33:58,795 file.LocalServiceAdmin INFO All the local services are enabled.
2019-11-20 16:33:58,815 file.manager INFO Component type conf file: Human_Tracking_py.conf loaded.
2019-11-20 16:33:58,828 file.ec_base INFO setRate(1000000.000000) done
2019-11-20 16:33:58,828 file.ec_base INFO setRate(100.000000) done
2019-11-20 16:33:58,832 file.rtobject INFO 1 execution context was created.
2019-11-20 16:33:58,845 file.rtobject INFO Initial active configuration set is default.
2019-11-20 16:34:01,898 file.SdoServiceAdmin WARNING No available SDO service in the factory: 
2019-11-20 16:34:01,898 file.SdoServiceAdmin ERROR type  already exists.
2019-11-20 16:34:10,920 file.rtobject ERROR Traceback (most recent call last):
  File "C:\Python27\lib\site-packages\OpenRTM_aist\RTObject.py", line 1571, in on_execute
    ret = self.onExecute(ec_id)
  File "c:\workspace\Human_Tracking_py\Human_Tracking_py.py", line 192, in onExecute
    print(x_seq)
NameError: global name 'x_seq' is not defined

2019-11-20 16:34:10,976 file.ManagerServant INFO Master manager not found
2019-11-20 16:34:23,194 file.ManagerServant INFO Master manager not found
2019-11-20 16:34:35,482 file.ManagerServant INFO Master manager not found
2019-11-20 16:34:47,720 file.ManagerServant INFO Master manager not found
2019-11-20 16:34:59,953 file.ManagerServant INFO Master manager not found
2019-11-20 16:35:12,167 file.ManagerServant INFO Master manager not found
2019-11-20 16:35:24,380 file.ManagerServant INFO Master manager not found
