2019-11-21 14:20:52,900 file.manager INFO 1.2.0
2019-11-21 14:20:52,901 file.manager INFO Copyright (C) 2003-2010
2019-11-21 14:20:52,901 file.manager INFO   Noriaki Ando
2019-11-21 14:20:52,901 file.manager INFO   Intelligent Systems Research Institute, AIST
2019-11-21 14:20:52,901 file.manager INFO Manager starting.
2019-11-21 14:20:52,901 file.manager INFO Starting local logging.
2019-11-21 14:20:52,907 file.manager.namingmanager INFO NameServer connection succeeded: corba/localhost
2019-11-21 14:20:54,944 file.ManagerServant INFO Master manager not found
2019-11-21 14:20:54,948 file.LocalServiceAdmin INFO All the local services are enabled.
2019-11-21 14:20:54,950 file.LocalServiceAdmin INFO All the local services are enabled.
2019-11-21 14:20:54,970 file.manager INFO Component type conf file: Human_Tracking_py.conf loaded.
2019-11-21 14:20:54,983 file.ec_base INFO setRate(1000000.000000) done
2019-11-21 14:20:54,983 file.ec_base INFO setRate(1000.000000) done
2019-11-21 14:20:54,986 file.rtobject INFO 1 execution context was created.
2019-11-21 14:20:55,000 file.rtobject INFO Initial active configuration set is default.
2019-11-21 14:20:58,881 file.SdoServiceAdmin WARNING No available SDO service in the factory: 
2019-11-21 14:20:58,881 file.SdoServiceAdmin ERROR type  already exists.
2019-11-21 14:21:07,088 file.ManagerServant INFO Master manager not found
2019-11-21 14:21:19,309 file.ManagerServant INFO Master manager not found
2019-11-21 14:21:31,579 file.ManagerServant INFO Master manager not found
2019-11-21 14:21:43,846 file.ManagerServant INFO Master manager not found
2019-11-21 14:21:56,072 file.ManagerServant INFO Master manager not found
2019-11-21 14:22:08,322 file.ManagerServant INFO Master manager not found
2019-11-21 14:22:20,563 file.ManagerServant INFO Master manager not found
2019-11-21 14:22:32,828 file.ManagerServant INFO Master manager not found
2019-11-21 14:22:45,101 file.ManagerServant INFO Master manager not found
2019-11-21 14:22:57,348 file.ManagerServant INFO Master manager not found
2019-11-21 14:23:09,582 file.ManagerServant INFO Master manager not found
2019-11-21 14:23:21,852 file.ManagerServant INFO Master manager not found
2019-11-21 14:23:34,131 file.ManagerServant INFO Master manager not found
2019-11-21 14:23:46,411 file.ManagerServant INFO Master manager not found
2019-11-21 14:23:58,641 file.ManagerServant INFO Master manager not found
2019-11-21 14:24:10,920 file.ManagerServant INFO Master manager not found
2019-11-21 14:24:23,197 file.ManagerServant INFO Master manager not found
2019-11-21 14:24:35,483 file.ManagerServant INFO Master manager not found
2019-11-21 14:24:47,746 file.ManagerServant INFO Master manager not found
2019-11-21 14:25:00,025 file.ManagerServant INFO Master manager not found
2019-11-21 14:25:12,270 file.ManagerServant INFO Master manager not found
2019-11-21 14:25:24,546 file.ManagerServant INFO Master manager not found
2019-11-21 14:25:36,823 file.ManagerServant INFO Master manager not found
2019-11-21 14:25:49,094 file.ManagerServant INFO Master manager not found
2019-11-21 14:26:01,374 file.ManagerServant INFO Master manager not found
2019-11-21 14:26:13,614 file.ManagerServant INFO Master manager not found
2019-11-21 14:26:25,844 file.ManagerServant INFO Master manager not found
2019-11-21 14:26:38,105 file.ManagerServant INFO Master manager not found
2019-11-21 14:26:50,387 file.ManagerServant INFO Master manager not found
2019-11-21 14:27:02,611 file.ManagerServant INFO Master manager not found
2019-11-21 14:27:14,894 file.ManagerServant INFO Master manager not found
2019-11-21 14:27:27,135 file.ManagerServant INFO Master manager not found
2019-11-21 14:27:39,387 file.ManagerServant INFO Master manager not found
2019-11-21 14:27:51,631 file.ManagerServant INFO Master manager not found
2019-11-21 14:28:03,864 file.ManagerServant INFO Master manager not found
2019-11-21 14:28:16,128 file.ManagerServant INFO Master manager not found
2019-11-21 14:28:28,371 file.ManagerServant INFO Master manager not found
2019-11-21 14:28:40,618 file.ManagerServant INFO Master manager not found
2019-11-21 14:28:53,009 file.ManagerServant INFO Master manager not found
2019-11-21 14:29:05,282 file.ManagerServant INFO Master manager not found
2019-11-21 14:29:17,573 file.ManagerServant INFO Master manager not found
2019-11-21 14:29:29,819 file.ManagerServant INFO Master manager not found
2019-11-21 14:29:42,101 file.ManagerServant INFO Master manager not found
2019-11-21 14:29:54,382 file.ManagerServant INFO Master manager not found
2019-11-21 14:30:06,661 file.ManagerServant INFO Master manager not found
2019-11-21 14:30:18,926 file.ManagerServant INFO Master manager not found
2019-11-21 14:30:31,141 file.ManagerServant INFO Master manager not found
2019-11-21 14:30:43,408 file.ManagerServant INFO Master manager not found
2019-11-21 14:30:55,664 file.ManagerServant INFO Master manager not found
2019-11-21 14:31:07,913 file.ManagerServant INFO Master manager not found
2019-11-21 14:31:20,147 file.ManagerServant INFO Master manager not found
2019-11-21 14:31:32,423 file.ManagerServant INFO Master manager not found
2019-11-21 14:31:44,683 file.ManagerServant INFO Master manager not found
2019-11-21 14:31:56,951 file.ManagerServant INFO Master manager not found
2019-11-21 14:32:09,211 file.ManagerServant INFO Master manager not found
2019-11-21 14:32:21,479 file.ManagerServant INFO Master manager not found
2019-11-21 14:32:33,739 file.ManagerServant INFO Master manager not found
2019-11-21 14:32:45,960 file.ManagerServant INFO Master manager not found
2019-11-21 14:32:58,226 file.ManagerServant INFO Master manager not found
2019-11-21 14:33:10,503 file.ManagerServant INFO Master manager not found
2019-11-21 14:33:22,974 file.ManagerServant INFO Master manager not found
2019-11-21 14:33:35,253 file.ManagerServant INFO Master manager not found
2019-11-21 14:33:47,882 file.ManagerServant INFO Master manager not found
2019-11-21 14:34:00,206 file.ManagerServant INFO Master manager not found
2019-11-21 14:34:12,496 file.ManagerServant INFO Master manager not found
2019-11-21 14:34:24,772 file.ManagerServant INFO Master manager not found
2019-11-21 14:34:37,049 file.ManagerServant INFO Master manager not found
2019-11-21 14:34:49,293 file.ManagerServant INFO Master manager not found
2019-11-21 14:35:01,549 file.ManagerServant INFO Master manager not found
2019-11-21 14:35:13,822 file.ManagerServant INFO Master manager not found
2019-11-21 14:35:26,101 file.ManagerServant INFO Master manager not found
2019-11-21 14:35:38,371 file.ManagerServant INFO Master manager not found
2019-11-21 14:35:50,622 file.ManagerServant INFO Master manager not found
2019-11-21 14:36:02,884 file.ManagerServant INFO Master manager not found
2019-11-21 14:36:15,135 file.ManagerServant INFO Master manager not found
2019-11-21 14:36:27,407 file.ManagerServant INFO Master manager not found
2019-11-21 14:36:39,684 file.ManagerServant INFO Master manager not found
2019-11-21 14:36:51,959 file.ManagerServant INFO Master manager not found
2019-11-21 14:37:04,196 file.ManagerServant INFO Master manager not found
2019-11-21 14:37:16,456 file.ManagerServant INFO Master manager not found
2019-11-21 14:37:28,726 file.ManagerServant INFO Master manager not found
2019-11-21 14:37:41,000 file.ManagerServant INFO Master manager not found
2019-11-21 14:37:53,243 file.ManagerServant INFO Master manager not found
2019-11-21 14:38:05,543 file.ManagerServant INFO Master manager not found
2019-11-21 14:38:17,776 file.ManagerServant INFO Master manager not found
2019-11-21 14:38:30,095 file.ManagerServant INFO Master manager not found
2019-11-21 14:38:42,362 file.ManagerServant INFO Master manager not found
2019-11-21 14:38:54,632 file.ManagerServant INFO Master manager not found
2019-11-21 14:39:06,904 file.ManagerServant INFO Master manager not found
2019-11-21 14:39:19,154 file.ManagerServant INFO Master manager not found
2019-11-21 14:39:31,433 file.ManagerServant INFO Master manager not found
2019-11-21 14:39:43,698 file.ManagerServant INFO Master manager not found
2019-11-21 14:39:55,957 file.ManagerServant INFO Master manager not found
2019-11-21 14:40:08,220 file.ManagerServant INFO Master manager not found
2019-11-21 14:40:20,467 file.ManagerServant INFO Master manager not found
2019-11-21 14:40:32,727 file.ManagerServant INFO Master manager not found
2019-11-21 14:40:44,987 file.ManagerServant INFO Master manager not found
2019-11-21 14:40:57,246 file.ManagerServant INFO Master manager not found
2019-11-21 14:41:09,516 file.ManagerServant INFO Master manager not found
2019-11-21 14:41:21,770 file.ManagerServant INFO Master manager not found
2019-11-21 14:41:33,996 file.ManagerServant INFO Master manager not found
2019-11-21 14:41:46,267 file.ManagerServant INFO Master manager not found
2019-11-21 14:41:58,548 file.ManagerServant INFO Master manager not found
2019-11-21 14:42:10,808 file.ManagerServant INFO Master manager not found
2019-11-21 14:42:23,075 file.ManagerServant INFO Master manager not found
2019-11-21 14:42:35,318 file.ManagerServant INFO Master manager not found
2019-11-21 14:42:47,608 file.ManagerServant INFO Master manager not found
2019-11-21 14:42:59,835 file.ManagerServant INFO Master manager not found
2019-11-21 14:43:12,108 file.ManagerServant INFO Master manager not found
2019-11-21 14:43:24,385 file.ManagerServant INFO Master manager not found
2019-11-21 14:43:36,627 file.ManagerServant INFO Master manager not found
2019-11-21 14:43:48,891 file.ManagerServant INFO Master manager not found
2019-11-21 14:44:01,170 file.ManagerServant INFO Master manager not found
2019-11-21 14:44:13,424 file.ManagerServant INFO Master manager not found
2019-11-21 14:44:25,658 file.ManagerServant INFO Master manager not found
2019-11-21 14:44:37,923 file.ManagerServant INFO Master manager not found
2019-11-21 14:44:50,184 file.ManagerServant INFO Master manager not found
2019-11-21 14:45:02,407 file.ManagerServant INFO Master manager not found
2019-11-21 14:45:14,667 file.ManagerServant INFO Master manager not found
2019-11-21 14:45:27,430 file.ManagerServant INFO Master manager not found
2019-11-21 14:45:39,664 file.ManagerServant INFO Master manager not found
2019-11-21 14:45:51,908 file.ManagerServant INFO Master manager not found
2019-11-21 14:46:04,171 file.ManagerServant INFO Master manager not found
2019-11-21 14:46:16,447 file.ManagerServant INFO Master manager not found
2019-11-21 14:46:28,759 file.ManagerServant INFO Master manager not found
2019-11-21 14:46:41,040 file.ManagerServant INFO Master manager not found
2019-11-21 14:46:53,286 file.ManagerServant INFO Master manager not found
2019-11-21 14:47:05,542 file.ManagerServant INFO Master manager not found
2019-11-21 14:47:17,782 file.ManagerServant INFO Master manager not found
2019-11-21 14:47:30,003 file.ManagerServant INFO Master manager not found
2019-11-21 14:47:42,266 file.ManagerServant INFO Master manager not found
2019-11-21 14:47:54,523 file.ManagerServant INFO Master manager not found
2019-11-21 14:48:06,769 file.ManagerServant INFO Master manager not found
2019-11-21 14:48:19,091 file.ManagerServant INFO Master manager not found
2019-11-21 14:48:31,341 file.ManagerServant INFO Master manager not found
2019-11-21 14:48:43,582 file.ManagerServant INFO Master manager not found
2019-11-21 14:48:55,848 file.ManagerServant INFO Master manager not found
2019-11-21 14:49:08,144 file.ManagerServant INFO Master manager not found
2019-11-21 14:49:20,394 file.ManagerServant INFO Master manager not found
2019-11-21 14:49:32,665 file.ManagerServant INFO Master manager not found
2019-11-21 14:49:44,908 file.ManagerServant INFO Master manager not found
2019-11-21 14:49:57,119 file.ManagerServant INFO Master manager not found
2019-11-21 14:50:09,367 file.ManagerServant INFO Master manager not found
2019-11-21 14:50:21,631 file.ManagerServant INFO Master manager not found
2019-11-21 14:50:33,913 file.ManagerServant INFO Master manager not found
2019-11-21 14:50:46,190 file.ManagerServant INFO Master manager not found
2019-11-21 14:50:58,476 file.ManagerServant INFO Master manager not found
2019-11-21 14:51:10,753 file.ManagerServant INFO Master manager not found
2019-11-21 14:51:22,989 file.ManagerServant INFO Master manager not found
2019-11-21 14:51:35,276 file.ManagerServant INFO Master manager not found
2019-11-21 14:51:47,503 file.ManagerServant INFO Master manager not found
2019-11-21 14:51:59,788 file.ManagerServant INFO Master manager not found
2019-11-21 14:52:12,072 file.ManagerServant INFO Master manager not found
2019-11-21 14:52:24,269 file.ManagerServant INFO Master manager not found
2019-11-21 14:52:36,528 file.ManagerServant INFO Master manager not found
2019-11-21 14:52:48,808 file.ManagerServant INFO Master manager not found
2019-11-21 14:53:01,026 file.ManagerServant INFO Master manager not found
2019-11-21 14:53:13,285 file.ManagerServant INFO Master manager not found
2019-11-21 14:53:25,516 file.ManagerServant INFO Master manager not found
2019-11-21 14:53:37,785 file.ManagerServant INFO Master manager not found
2019-11-21 14:53:49,980 file.ManagerServant INFO Master manager not found
2019-11-21 14:54:02,200 file.ManagerServant INFO Master manager not found
2019-11-21 14:54:15,801 file.ManagerServant INFO Master manager not found
2019-11-21 14:54:30,000 file.ManagerServant INFO Master manager not found
2019-11-21 14:54:32,888 file.rtobject ERROR Traceback (most recent call last):
  File "C:\Python27\lib\site-packages\OpenRTM_aist\RTObject.py", line 1571, in on_execute
    ret = self.onExecute(ec_id)
  File "c:\workspace\Human_Tracking_py\Human_Tracking_py.py", line 174, in onExecute
    n=np.arange(681) # ステップ数
AttributeError: 'NoneType' object has no attribute 'arange'

2019-11-21 14:54:32,892 file.rtobject ERROR Traceback (most recent call last):
  File "C:\Python27\lib\site-packages\OpenRTM_aist\RTObject.py", line 1370, in on_deactivated
    ret = self.onDeactivated(ec_id)
  File "c:\workspace\Human_Tracking_py\Human_Tracking_py.py", line 163, in onDeactivated
    return RTC.RTC_OK
AttributeError: 'NoneType' object has no attribute 'RTC_OK'

