2019-11-20 16:23:36,385 file.manager INFO 1.2.0
2019-11-20 16:23:36,387 file.manager INFO Copyright (C) 2003-2010
2019-11-20 16:23:36,388 file.manager INFO   Noriaki Ando
2019-11-20 16:23:36,388 file.manager INFO   Intelligent Systems Research Institute, AIST
2019-11-20 16:23:36,388 file.manager INFO Manager starting.
2019-11-20 16:23:36,388 file.manager INFO Starting local logging.
2019-11-20 16:23:36,394 file.manager.namingmanager INFO NameServer connection succeeded: corba/localhost
2019-11-20 16:23:38,421 file.ManagerServant INFO Master manager not found
2019-11-20 16:23:38,427 file.LocalServiceAdmin INFO All the local services are enabled.
2019-11-20 16:23:38,428 file.LocalServiceAdmin INFO All the local services are enabled.
2019-11-20 16:23:38,447 file.manager INFO Component type conf file: Human_Tracking_py.conf loaded.
2019-11-20 16:23:38,460 file.ec_base INFO setRate(1000000.000000) done
2019-11-20 16:23:38,461 file.ec_base INFO setRate(100.000000) done
2019-11-20 16:23:38,466 file.rtobject INFO 1 execution context was created.
2019-11-20 16:23:38,480 file.rtobject INFO Initial active configuration set is default.
2019-11-20 16:23:41,895 file.SdoServiceAdmin WARNING No available SDO service in the factory: 
2019-11-20 16:23:41,897 file.SdoServiceAdmin ERROR type  already exists.
2019-11-20 16:23:50,592 file.ManagerServant INFO Master manager not found
2019-11-20 16:24:02,825 file.ManagerServant INFO Master manager not found
2019-11-20 16:24:15,075 file.ManagerServant INFO Master manager not found
2019-11-20 16:24:27,329 file.ManagerServant INFO Master manager not found
2019-11-20 16:24:39,539 file.ManagerServant INFO Master manager not found
2019-11-20 16:24:51,802 file.ManagerServant INFO Master manager not found
2019-11-20 16:25:04,073 file.ManagerServant INFO Master manager not found
2019-11-20 16:25:16,332 file.ManagerServant INFO Master manager not found
2019-11-20 16:25:28,585 file.ManagerServant INFO Master manager not found
2019-11-20 16:25:40,806 file.ManagerServant INFO Master manager not found
2019-11-20 16:25:53,033 file.ManagerServant INFO Master manager not found
