2019-11-19 17:54:50,326 file.manager INFO 1.2.0
2019-11-19 17:54:50,328 file.manager INFO Copyright (C) 2003-2010
2019-11-19 17:54:50,328 file.manager INFO   Noriaki Ando
2019-11-19 17:54:50,328 file.manager INFO   Intelligent Systems Research Institute, AIST
2019-11-19 17:54:50,328 file.manager INFO Manager starting.
2019-11-19 17:54:50,329 file.manager INFO Starting local logging.
2019-11-19 17:54:50,335 file.manager.namingmanager INFO NameServer connection succeeded: corba/localhost
2019-11-19 17:54:52,361 file.ManagerServant INFO Master manager not found
2019-11-19 17:54:52,367 file.LocalServiceAdmin INFO All the local services are enabled.
2019-11-19 17:54:52,368 file.LocalServiceAdmin INFO All the local services are enabled.
2019-11-19 17:54:52,388 file.manager INFO Component type conf file: Human_Tracking_py.conf loaded.
2019-11-19 17:54:52,400 file.ec_base INFO setRate(1000000.000000) done
2019-11-19 17:54:52,401 file.ec_base INFO setRate(100.000000) done
2019-11-19 17:54:52,404 file.rtobject INFO 1 execution context was created.
2019-11-19 17:54:52,417 file.rtobject INFO Initial active configuration set is default.
2019-11-19 17:54:56,078 file.SdoServiceAdmin WARNING No available SDO service in the factory: 
2019-11-19 17:54:56,078 file.SdoServiceAdmin ERROR type  already exists.
2019-11-19 17:55:04,563 file.ManagerServant INFO Master manager not found
2019-11-19 17:55:16,795 file.ManagerServant INFO Master manager not found
2019-11-19 17:55:29,082 file.ManagerServant INFO Master manager not found
2019-11-19 17:55:41,348 file.ManagerServant INFO Master manager not found
2019-11-19 17:55:53,683 file.ManagerServant INFO Master manager not found
2019-11-19 17:56:06,075 file.ManagerServant INFO Master manager not found
2019-11-19 17:56:15,529 file.rtobject ERROR Traceback (most recent call last):
  File "C:\Python27\lib\site-packages\OpenRTM_aist\RTObject.py", line 1571, in on_execute
    ret = self.onExecute(ec_id)
  File "c:\workspace\Human_Tracking_py\Human_Tracking_py.py", line 176, in onExecute
    a=trans_x_y(self.range_data[i],i)
TypeError: 'NoneType' object is not callable

2019-11-19 17:56:15,538 file.rtobject ERROR Traceback (most recent call last):
  File "C:\Python27\lib\site-packages\OpenRTM_aist\RTObject.py", line 1370, in on_deactivated
    ret = self.onDeactivated(ec_id)
  File "c:\workspace\Human_Tracking_py\Human_Tracking_py.py", line 163, in onDeactivated
    return RTC.RTC_OK
AttributeError: 'NoneType' object has no attribute 'RTC_OK'

2019-11-19 17:56:18,407 file.ManagerServant INFO Master manager not found
2019-11-19 17:56:30,513 file.ManagerServant INFO Master manager not found
2019-11-19 17:56:42,609 file.ManagerServant INFO Master manager not found
2019-11-19 17:56:54,710 file.ManagerServant INFO Master manager not found
2019-11-19 17:57:06,920 file.ManagerServant INFO Master manager not found
2019-11-19 17:57:19,065 file.ManagerServant INFO Master manager not found
2019-11-19 17:57:31,160 file.ManagerServant INFO Master manager not found
2019-11-19 17:57:43,263 file.ManagerServant INFO Master manager not found
2019-11-19 17:57:55,361 file.ManagerServant INFO Master manager not found
2019-11-19 17:58:07,474 file.ManagerServant INFO Master manager not found
2019-11-19 17:58:19,588 file.ManagerServant INFO Master manager not found
2019-11-19 17:58:31,691 file.ManagerServant INFO Master manager not found
2019-11-19 17:58:43,786 file.ManagerServant INFO Master manager not found
2019-11-19 17:58:55,884 file.ManagerServant INFO Master manager not found
2019-11-19 17:59:07,993 file.ManagerServant INFO Master manager not found
2019-11-19 17:59:20,115 file.ManagerServant INFO Master manager not found
2019-11-19 17:59:32,204 file.ManagerServant INFO Master manager not found
2019-11-19 17:59:44,299 file.ManagerServant INFO Master manager not found
2019-11-19 17:59:56,400 file.ManagerServant INFO Master manager not found
2019-11-19 18:00:08,500 file.ManagerServant INFO Master manager not found
2019-11-19 18:00:20,594 file.ManagerServant INFO Master manager not found
2019-11-19 18:00:32,714 file.ManagerServant INFO Master manager not found
2019-11-19 18:00:44,813 file.ManagerServant INFO Master manager not found
2019-11-19 18:00:56,908 file.ManagerServant INFO Master manager not found
2019-11-19 18:01:09,012 file.ManagerServant INFO Master manager not found
2019-11-19 18:01:21,105 file.ManagerServant INFO Master manager not found
2019-11-19 18:01:33,209 file.ManagerServant INFO Master manager not found
2019-11-19 18:01:45,301 file.ManagerServant INFO Master manager not found
2019-11-19 18:01:57,413 file.ManagerServant INFO Master manager not found
2019-11-19 18:02:09,503 file.ManagerServant INFO Master manager not found
2019-11-19 18:02:21,614 file.ManagerServant INFO Master manager not found
2019-11-19 18:02:33,698 file.ManagerServant INFO Master manager not found
2019-11-19 18:02:45,799 file.ManagerServant INFO Master manager not found
2019-11-19 18:02:57,881 file.ManagerServant INFO Master manager not found
2019-11-19 18:03:09,999 file.ManagerServant INFO Master manager not found
2019-11-19 18:03:22,099 file.ManagerServant INFO Master manager not found
2019-11-19 18:03:34,206 file.ManagerServant INFO Master manager not found
2019-11-19 18:03:46,313 file.ManagerServant INFO Master manager not found
2019-11-19 18:03:58,421 file.ManagerServant INFO Master manager not found
2019-11-19 18:04:10,519 file.ManagerServant INFO Master manager not found
2019-11-19 18:04:22,615 file.ManagerServant INFO Master manager not found
2019-11-19 18:04:34,719 file.ManagerServant INFO Master manager not found
2019-11-19 18:04:46,809 file.ManagerServant INFO Master manager not found
2019-11-19 18:04:58,903 file.ManagerServant INFO Master manager not found
2019-11-19 18:05:11,000 file.ManagerServant INFO Master manager not found
2019-11-19 18:05:23,111 file.ManagerServant INFO Master manager not found
2019-11-19 18:05:35,209 file.ManagerServant INFO Master manager not found
2019-11-19 18:05:47,301 file.ManagerServant INFO Master manager not found
2019-11-19 18:05:59,404 file.ManagerServant INFO Master manager not found
2019-11-19 18:06:11,506 file.ManagerServant INFO Master manager not found
2019-11-19 18:06:23,604 file.ManagerServant INFO Master manager not found
2019-11-19 18:06:35,707 file.ManagerServant INFO Master manager not found
2019-11-19 18:06:47,802 file.ManagerServant INFO Master manager not found
2019-11-19 18:06:59,907 file.ManagerServant INFO Master manager not found
2019-11-19 18:07:12,007 file.ManagerServant INFO Master manager not found
2019-11-19 18:07:24,119 file.ManagerServant INFO Master manager not found
2019-11-19 18:07:36,220 file.ManagerServant INFO Master manager not found
2019-11-19 18:07:48,321 file.ManagerServant INFO Master manager not found
2019-11-19 18:08:00,421 file.ManagerServant INFO Master manager not found
2019-11-19 18:08:12,536 file.ManagerServant INFO Master manager not found
2019-11-19 18:08:24,627 file.ManagerServant INFO Master manager not found
2019-11-19 18:08:36,729 file.ManagerServant INFO Master manager not found
2019-11-19 18:08:48,818 file.ManagerServant INFO Master manager not found
2019-11-19 18:09:00,927 file.ManagerServant INFO Master manager not found
2019-11-19 18:09:13,022 file.ManagerServant INFO Master manager not found
2019-11-19 18:09:25,122 file.ManagerServant INFO Master manager not found
2019-11-19 18:09:37,213 file.ManagerServant INFO Master manager not found
2019-11-19 18:09:49,315 file.ManagerServant INFO Master manager not found
2019-11-19 18:10:01,421 file.ManagerServant INFO Master manager not found
2019-11-19 18:10:13,513 file.ManagerServant INFO Master manager not found
2019-11-19 18:10:25,621 file.ManagerServant INFO Master manager not found
2019-11-19 18:10:37,730 file.ManagerServant INFO Master manager not found
2019-11-19 18:10:49,829 file.ManagerServant INFO Master manager not found
2019-11-19 18:11:01,907 file.ManagerServant INFO Master manager not found
2019-11-19 18:11:14,000 file.ManagerServant INFO Master manager not found
2019-11-19 18:11:26,099 file.ManagerServant INFO Master manager not found
2019-11-19 18:11:38,194 file.ManagerServant INFO Master manager not found
2019-11-19 18:11:50,296 file.ManagerServant INFO Master manager not found
2019-11-19 18:12:02,387 file.ManagerServant INFO Master manager not found
2019-11-19 18:12:14,480 file.ManagerServant INFO Master manager not found
2019-11-19 18:12:26,578 file.ManagerServant INFO Master manager not found
2019-11-19 18:12:38,678 file.ManagerServant INFO Master manager not found
2019-11-19 18:12:50,796 file.ManagerServant INFO Master manager not found
2019-11-19 18:13:02,892 file.ManagerServant INFO Master manager not found
2019-11-19 18:13:14,980 file.ManagerServant INFO Master manager not found
2019-11-19 18:13:27,084 file.ManagerServant INFO Master manager not found
2019-11-19 18:13:39,197 file.ManagerServant INFO Master manager not found
2019-11-19 18:13:51,313 file.ManagerServant INFO Master manager not found
2019-11-19 18:14:03,453 file.ManagerServant INFO Master manager not found
2019-11-19 18:14:15,565 file.ManagerServant INFO Master manager not found
2019-11-19 18:14:27,644 file.ManagerServant INFO Master manager not found
2019-11-19 18:14:39,746 file.ManagerServant INFO Master manager not found
2019-11-19 18:14:51,842 file.ManagerServant INFO Master manager not found
2019-11-19 18:15:03,943 file.ManagerServant INFO Master manager not found
2019-11-19 18:15:16,029 file.ManagerServant INFO Master manager not found
2019-11-19 18:15:28,125 file.ManagerServant INFO Master manager not found
2019-11-19 18:15:40,213 file.ManagerServant INFO Master manager not found
2019-11-19 18:15:52,309 file.ManagerServant INFO Master manager not found
2019-11-19 18:16:04,408 file.ManagerServant INFO Master manager not found
2019-11-19 18:16:16,502 file.ManagerServant INFO Master manager not found
2019-11-19 18:16:28,598 file.ManagerServant INFO Master manager not found
2019-11-19 18:16:40,691 file.ManagerServant INFO Master manager not found
2019-11-19 18:16:52,805 file.ManagerServant INFO Master manager not found
2019-11-19 18:17:04,917 file.ManagerServant INFO Master manager not found
2019-11-19 18:17:17,022 file.ManagerServant INFO Master manager not found
2019-11-19 18:17:29,134 file.ManagerServant INFO Master manager not found
2019-11-19 18:17:41,259 file.ManagerServant INFO Master manager not found
2019-11-19 18:17:53,352 file.ManagerServant INFO Master manager not found
2019-11-19 18:18:05,474 file.ManagerServant INFO Master manager not found
2019-11-19 18:18:17,571 file.ManagerServant INFO Master manager not found
2019-11-19 18:18:29,665 file.ManagerServant INFO Master manager not found
2019-11-19 18:18:41,766 file.ManagerServant INFO Master manager not found
2019-11-19 18:18:53,890 file.ManagerServant INFO Master manager not found
2019-11-19 18:19:06,002 file.ManagerServant INFO Master manager not found
2019-11-19 18:19:18,121 file.ManagerServant INFO Master manager not found
2019-11-19 18:19:30,213 file.ManagerServant INFO Master manager not found
2019-11-19 18:19:42,332 file.ManagerServant INFO Master manager not found
2019-11-19 18:19:54,447 file.ManagerServant INFO Master manager not found
2019-11-19 18:20:06,549 file.ManagerServant INFO Master manager not found
2019-11-19 18:20:18,641 file.ManagerServant INFO Master manager not found
2019-11-19 18:20:30,742 file.ManagerServant INFO Master manager not found
2019-11-19 18:20:42,842 file.ManagerServant INFO Master manager not found
2019-11-19 18:20:54,944 file.ManagerServant INFO Master manager not found
2019-11-19 18:21:07,036 file.ManagerServant INFO Master manager not found
2019-11-19 18:21:19,145 file.ManagerServant INFO Master manager not found
2019-11-19 18:21:31,230 file.ManagerServant INFO Master manager not found
2019-11-19 18:21:43,367 file.ManagerServant INFO Master manager not found
2019-11-19 18:21:55,479 file.ManagerServant INFO Master manager not found
2019-11-19 18:22:07,598 file.ManagerServant INFO Master manager not found
2019-11-19 18:22:19,753 file.ManagerServant INFO Master manager not found
2019-11-19 18:22:31,877 file.ManagerServant INFO Master manager not found
2019-11-19 18:22:43,967 file.ManagerServant INFO Master manager not found
2019-11-19 18:22:56,053 file.ManagerServant INFO Master manager not found
2019-11-19 18:23:08,151 file.ManagerServant INFO Master manager not found
2019-11-19 18:23:20,253 file.ManagerServant INFO Master manager not found
2019-11-19 18:23:32,365 file.ManagerServant INFO Master manager not found
2019-11-19 18:23:44,463 file.ManagerServant INFO Master manager not found
2019-11-19 18:23:56,561 file.ManagerServant INFO Master manager not found
2019-11-19 18:24:08,673 file.ManagerServant INFO Master manager not found
2019-11-19 18:24:20,776 file.ManagerServant INFO Master manager not found
2019-11-19 18:24:32,895 file.ManagerServant INFO Master manager not found
2019-11-19 18:24:44,984 file.ManagerServant INFO Master manager not found
2019-11-19 18:24:57,076 file.ManagerServant INFO Master manager not found
2019-11-19 18:25:09,186 file.ManagerServant INFO Master manager not found
2019-11-19 18:25:21,292 file.ManagerServant INFO Master manager not found
2019-11-19 18:25:33,391 file.ManagerServant INFO Master manager not found
2019-11-19 18:25:45,494 file.ManagerServant INFO Master manager not found
2019-11-19 18:25:57,585 file.ManagerServant INFO Master manager not found
2019-11-19 18:26:09,698 file.ManagerServant INFO Master manager not found
2019-11-19 18:26:21,793 file.ManagerServant INFO Master manager not found
2019-11-19 18:26:33,890 file.ManagerServant INFO Master manager not found
2019-11-19 18:26:45,989 file.ManagerServant INFO Master manager not found
2019-11-19 18:26:58,085 file.ManagerServant INFO Master manager not found
2019-11-19 18:27:10,174 file.ManagerServant INFO Master manager not found
2019-11-19 18:27:22,280 file.ManagerServant INFO Master manager not found
2019-11-19 18:27:34,365 file.ManagerServant INFO Master manager not found
2019-11-19 18:27:46,467 file.ManagerServant INFO Master manager not found
2019-11-19 18:27:58,575 file.ManagerServant INFO Master manager not found
2019-11-19 18:28:10,674 file.ManagerServant INFO Master manager not found
2019-11-19 18:28:22,773 file.ManagerServant INFO Master manager not found
2019-11-19 18:28:34,875 file.ManagerServant INFO Master manager not found
2019-11-19 18:28:46,980 file.ManagerServant INFO Master manager not found
2019-11-19 18:28:59,102 file.ManagerServant INFO Master manager not found
2019-11-19 18:29:11,200 file.ManagerServant INFO Master manager not found
2019-11-19 18:29:23,302 file.ManagerServant INFO Master manager not found
2019-11-19 18:29:35,381 file.ManagerServant INFO Master manager not found
2019-11-19 18:29:47,479 file.ManagerServant INFO Master manager not found
2019-11-19 18:29:59,565 file.ManagerServant INFO Master manager not found
2019-11-19 18:30:11,655 file.ManagerServant INFO Master manager not found
2019-11-19 18:30:23,752 file.ManagerServant INFO Master manager not found
2019-11-19 18:30:35,858 file.ManagerServant INFO Master manager not found
2019-11-19 18:30:47,960 file.ManagerServant INFO Master manager not found
2019-11-19 18:31:00,065 file.ManagerServant INFO Master manager not found
2019-11-19 18:31:12,164 file.ManagerServant INFO Master manager not found
2019-11-19 18:31:24,273 file.ManagerServant INFO Master manager not found
2019-11-19 18:31:36,365 file.ManagerServant INFO Master manager not found
2019-11-19 18:31:48,457 file.ManagerServant INFO Master manager not found
2019-11-19 18:32:00,536 file.ManagerServant INFO Master manager not found
2019-11-19 18:32:12,628 file.ManagerServant INFO Master manager not found
2019-11-19 18:32:24,740 file.ManagerServant INFO Master manager not found
2019-11-19 18:32:36,831 file.ManagerServant INFO Master manager not found
2019-11-19 18:32:48,914 file.ManagerServant INFO Master manager not found
2019-11-19 18:33:01,028 file.ManagerServant INFO Master manager not found
2019-11-19 18:33:13,128 file.ManagerServant INFO Master manager not found
2019-11-19 18:33:25,221 file.ManagerServant INFO Master manager not found
2019-11-19 18:33:37,319 file.ManagerServant INFO Master manager not found
2019-11-19 18:33:49,499 file.ManagerServant INFO Master manager not found
2019-11-19 18:34:01,605 file.ManagerServant INFO Master manager not found
2019-11-19 18:34:13,691 file.ManagerServant INFO Master manager not found
2019-11-19 18:34:25,790 file.ManagerServant INFO Master manager not found
2019-11-19 18:34:37,891 file.ManagerServant INFO Master manager not found
2019-11-19 18:34:49,983 file.ManagerServant INFO Master manager not found
2019-11-19 18:35:02,073 file.ManagerServant INFO Master manager not found
2019-11-19 18:35:14,160 file.ManagerServant INFO Master manager not found
2019-11-19 18:35:26,267 file.ManagerServant INFO Master manager not found
2019-11-19 18:35:38,372 file.ManagerServant INFO Master manager not found
2019-11-19 18:35:50,474 file.ManagerServant INFO Master manager not found
2019-11-19 18:36:02,565 file.ManagerServant INFO Master manager not found
2019-11-19 18:36:14,654 file.ManagerServant INFO Master manager not found
2019-11-19 18:36:26,769 file.ManagerServant INFO Master manager not found
2019-11-19 18:36:38,858 file.ManagerServant INFO Master manager not found
2019-11-19 18:36:50,957 file.ManagerServant INFO Master manager not found
2019-11-19 18:37:03,052 file.ManagerServant INFO Master manager not found
2019-11-19 18:37:15,145 file.ManagerServant INFO Master manager not found
2019-11-19 18:37:27,246 file.ManagerServant INFO Master manager not found
2019-11-19 18:37:39,351 file.ManagerServant INFO Master manager not found
2019-11-19 18:37:51,446 file.ManagerServant INFO Master manager not found
2019-11-19 18:38:03,553 file.ManagerServant INFO Master manager not found
2019-11-19 18:38:15,651 file.ManagerServant INFO Master manager not found
2019-11-19 18:38:27,755 file.ManagerServant INFO Master manager not found
2019-11-19 18:38:39,859 file.ManagerServant INFO Master manager not found
2019-11-19 18:38:51,960 file.ManagerServant INFO Master manager not found
2019-11-19 18:39:04,061 file.ManagerServant INFO Master manager not found
2019-11-19 18:39:16,153 file.ManagerServant INFO Master manager not found
2019-11-19 18:39:28,247 file.ManagerServant INFO Master manager not found
2019-11-19 18:39:40,336 file.ManagerServant INFO Master manager not found
2019-11-19 18:39:52,448 file.ManagerServant INFO Master manager not found
2019-11-19 18:40:04,559 file.ManagerServant INFO Master manager not found
2019-11-19 18:40:16,655 file.ManagerServant INFO Master manager not found
2019-11-19 18:40:28,772 file.ManagerServant INFO Master manager not found
2019-11-19 18:40:40,867 file.ManagerServant INFO Master manager not found
2019-11-19 18:40:52,957 file.ManagerServant INFO Master manager not found
2019-11-19 18:41:05,058 file.ManagerServant INFO Master manager not found
2019-11-19 18:41:17,164 file.ManagerServant INFO Master manager not found
2019-11-19 18:41:29,262 file.ManagerServant INFO Master manager not found
2019-11-19 18:41:41,355 file.ManagerServant INFO Master manager not found
2019-11-19 18:41:53,440 file.ManagerServant INFO Master manager not found
2019-11-19 18:42:05,538 file.ManagerServant INFO Master manager not found
2019-11-19 18:42:17,644 file.ManagerServant INFO Master manager not found
2019-11-19 18:42:29,733 file.ManagerServant INFO Master manager not found
2019-11-19 18:42:41,832 file.ManagerServant INFO Master manager not found
2019-11-19 18:42:53,921 file.ManagerServant INFO Master manager not found
2019-11-19 18:43:06,036 file.ManagerServant INFO Master manager not found
2019-11-19 18:43:18,131 file.ManagerServant INFO Master manager not found
2019-11-19 18:43:30,219 file.ManagerServant INFO Master manager not found
2019-11-19 18:43:42,302 file.ManagerServant INFO Master manager not found
2019-11-19 18:43:54,390 file.ManagerServant INFO Master manager not found
2019-11-19 18:44:06,503 file.ManagerServant INFO Master manager not found
2019-11-19 18:44:18,595 file.ManagerServant INFO Master manager not found
2019-11-19 18:44:30,706 file.ManagerServant INFO Master manager not found
2019-11-19 18:44:42,809 file.ManagerServant INFO Master manager not found
2019-11-19 18:44:54,920 file.ManagerServant INFO Master manager not found
2019-11-19 18:45:07,016 file.ManagerServant INFO Master manager not found
2019-11-19 18:45:19,125 file.ManagerServant INFO Master manager not found
2019-11-19 18:45:31,232 file.ManagerServant INFO Master manager not found
2019-11-19 18:45:43,329 file.ManagerServant INFO Master manager not found
2019-11-19 18:45:55,415 file.ManagerServant INFO Master manager not found
2019-11-19 18:46:07,507 file.ManagerServant INFO Master manager not found
2019-11-19 18:46:19,612 file.ManagerServant INFO Master manager not found
2019-11-19 18:46:31,707 file.ManagerServant INFO Master manager not found
2019-11-19 18:46:43,809 file.ManagerServant INFO Master manager not found
2019-11-19 18:46:55,891 file.ManagerServant INFO Master manager not found
2019-11-19 18:47:08,002 file.ManagerServant INFO Master manager not found
2019-11-19 18:47:20,095 file.ManagerServant INFO Master manager not found
2019-11-19 18:47:32,200 file.ManagerServant INFO Master manager not found
2019-11-19 18:47:44,296 file.ManagerServant INFO Master manager not found
2019-11-19 18:47:56,391 file.ManagerServant INFO Master manager not found
2019-11-19 18:48:08,476 file.ManagerServant INFO Master manager not found
2019-11-19 18:48:20,582 file.ManagerServant INFO Master manager not found
2019-11-19 18:48:32,694 file.ManagerServant INFO Master manager not found
2019-11-19 18:48:44,782 file.ManagerServant INFO Master manager not found
2019-11-19 18:48:56,871 file.ManagerServant INFO Master manager not found
2019-11-19 18:49:08,969 file.ManagerServant INFO Master manager not found
2019-11-19 18:49:21,061 file.ManagerServant INFO Master manager not found
2019-11-19 18:49:33,151 file.ManagerServant INFO Master manager not found
2019-11-19 18:49:45,250 file.ManagerServant INFO Master manager not found
2019-11-19 18:49:57,352 file.ManagerServant INFO Master manager not found
2019-11-19 18:50:09,447 file.ManagerServant INFO Master manager not found
2019-11-19 18:50:21,532 file.ManagerServant INFO Master manager not found
2019-11-19 18:50:33,635 file.ManagerServant INFO Master manager not found
2019-11-19 18:50:45,730 file.ManagerServant INFO Master manager not found
2019-11-19 18:50:57,831 file.ManagerServant INFO Master manager not found
2019-11-19 18:51:09,926 file.ManagerServant INFO Master manager not found
2019-11-19 18:51:22,017 file.ManagerServant INFO Master manager not found
2019-11-19 18:51:34,121 file.ManagerServant INFO Master manager not found
2019-11-19 18:51:46,243 file.ManagerServant INFO Master manager not found
2019-11-19 18:51:58,331 file.ManagerServant INFO Master manager not found
2019-11-19 18:52:10,430 file.ManagerServant INFO Master manager not found
2019-11-19 18:52:22,523 file.ManagerServant INFO Master manager not found
2019-11-19 18:52:34,635 file.ManagerServant INFO Master manager not found
2019-11-19 18:52:46,746 file.ManagerServant INFO Master manager not found
2019-11-19 18:52:58,842 file.ManagerServant INFO Master manager not found
2019-11-19 18:53:10,934 file.ManagerServant INFO Master manager not found
2019-11-19 18:53:23,026 file.ManagerServant INFO Master manager not found
2019-11-19 18:53:35,125 file.ManagerServant INFO Master manager not found
2019-11-19 18:53:47,237 file.ManagerServant INFO Master manager not found
2019-11-19 18:53:59,332 file.ManagerServant INFO Master manager not found
2019-11-19 18:54:11,423 file.ManagerServant INFO Master manager not found
2019-11-19 18:54:23,513 file.ManagerServant INFO Master manager not found
2019-11-19 18:54:35,601 file.ManagerServant INFO Master manager not found
2019-11-19 18:54:47,686 file.ManagerServant INFO Master manager not found
2019-11-19 18:54:59,776 file.ManagerServant INFO Master manager not found
2019-11-19 18:55:11,881 file.ManagerServant INFO Master manager not found
2019-11-19 18:55:23,960 file.ManagerServant INFO Master manager not found
2019-11-19 18:55:36,055 file.ManagerServant INFO Master manager not found
2019-11-19 18:55:48,154 file.ManagerServant INFO Master manager not found
2019-11-19 18:56:00,263 file.ManagerServant INFO Master manager not found
2019-11-19 18:56:12,364 file.ManagerServant INFO Master manager not found
2019-11-19 18:56:24,467 file.ManagerServant INFO Master manager not found
2019-11-19 18:56:36,576 file.ManagerServant INFO Master manager not found
2019-11-19 18:56:48,678 file.ManagerServant INFO Master manager not found
2019-11-19 18:57:00,770 file.ManagerServant INFO Master manager not found
2019-11-19 18:57:12,861 file.ManagerServant INFO Master manager not found
2019-11-19 18:57:24,948 file.ManagerServant INFO Master manager not found
2019-11-19 18:57:37,036 file.ManagerServant INFO Master manager not found
2019-11-19 18:57:49,137 file.ManagerServant INFO Master manager not found
2019-11-19 18:58:01,220 file.ManagerServant INFO Master manager not found
2019-11-19 18:58:13,305 file.ManagerServant INFO Master manager not found
2019-11-19 18:58:25,414 file.ManagerServant INFO Master manager not found
2019-11-19 18:58:37,516 file.ManagerServant INFO Master manager not found
2019-11-19 18:58:49,611 file.ManagerServant INFO Master manager not found
2019-11-19 18:59:01,710 file.ManagerServant INFO Master manager not found
2019-11-19 18:59:13,799 file.ManagerServant INFO Master manager not found
2019-11-19 18:59:25,927 file.ManagerServant INFO Master manager not found
2019-11-19 18:59:38,023 file.ManagerServant INFO Master manager not found
2019-11-19 18:59:50,127 file.ManagerServant INFO Master manager not found
2019-11-19 19:00:02,227 file.ManagerServant INFO Master manager not found
2019-11-19 19:00:14,328 file.ManagerServant INFO Master manager not found
2019-11-19 19:00:26,428 file.ManagerServant INFO Master manager not found
2019-11-19 19:00:38,533 file.ManagerServant INFO Master manager not found
2019-11-19 19:00:50,631 file.ManagerServant INFO Master manager not found
2019-11-19 19:01:02,736 file.ManagerServant INFO Master manager not found
2019-11-19 19:01:14,849 file.ManagerServant INFO Master manager not found
2019-11-19 19:01:26,950 file.ManagerServant INFO Master manager not found
2019-11-19 19:01:39,068 file.ManagerServant INFO Master manager not found
2019-11-19 19:01:51,176 file.ManagerServant INFO Master manager not found
2019-11-19 19:02:03,265 file.ManagerServant INFO Master manager not found
2019-11-19 19:02:15,371 file.ManagerServant INFO Master manager not found
2019-11-19 19:02:27,464 file.ManagerServant INFO Master manager not found
2019-11-19 19:02:39,549 file.ManagerServant INFO Master manager not found
2019-11-19 19:02:51,638 file.ManagerServant INFO Master manager not found
2019-11-19 19:03:03,736 file.ManagerServant INFO Master manager not found
2019-11-19 19:03:15,828 file.ManagerServant INFO Master manager not found
2019-11-19 19:03:27,918 file.ManagerServant INFO Master manager not found
2019-11-19 19:03:40,019 file.ManagerServant INFO Master manager not found
2019-11-19 19:03:52,115 file.ManagerServant INFO Master manager not found
2019-11-19 19:04:04,204 file.ManagerServant INFO Master manager not found
2019-11-19 19:04:16,308 file.ManagerServant INFO Master manager not found
2019-11-19 19:04:28,401 file.ManagerServant INFO Master manager not found
2019-11-19 19:04:40,487 file.ManagerServant INFO Master manager not found
2019-11-19 19:04:52,604 file.ManagerServant INFO Master manager not found
2019-11-19 19:05:04,696 file.ManagerServant INFO Master manager not found
2019-11-19 19:05:16,780 file.ManagerServant INFO Master manager not found
2019-11-19 19:05:28,862 file.ManagerServant INFO Master manager not found
2019-11-19 19:05:40,969 file.ManagerServant INFO Master manager not found
2019-11-19 19:05:53,072 file.ManagerServant INFO Master manager not found
2019-11-19 19:06:05,178 file.ManagerServant INFO Master manager not found
2019-11-19 19:06:17,279 file.ManagerServant INFO Master manager not found
2019-11-19 19:06:29,372 file.ManagerServant INFO Master manager not found
2019-11-19 19:06:41,483 file.ManagerServant INFO Master manager not found
2019-11-19 19:06:53,582 file.ManagerServant INFO Master manager not found
2019-11-19 19:07:05,700 file.ManagerServant INFO Master manager not found
2019-11-19 19:07:17,806 file.ManagerServant INFO Master manager not found
2019-11-19 19:07:29,921 file.ManagerServant INFO Master manager not found
2019-11-19 19:07:42,023 file.ManagerServant INFO Master manager not found
2019-11-19 19:07:54,111 file.ManagerServant INFO Master manager not found
2019-11-19 19:08:06,203 file.ManagerServant INFO Master manager not found
2019-11-19 19:08:18,313 file.ManagerServant INFO Master manager not found
2019-11-19 19:08:30,421 file.ManagerServant INFO Master manager not found
2019-11-19 19:08:42,529 file.ManagerServant INFO Master manager not found
2019-11-19 19:08:54,625 file.ManagerServant INFO Master manager not found
2019-11-19 19:09:06,726 file.ManagerServant INFO Master manager not found
2019-11-19 19:09:18,825 file.ManagerServant INFO Master manager not found
2019-11-19 19:09:30,921 file.ManagerServant INFO Master manager not found
2019-11-19 19:09:43,022 file.ManagerServant INFO Master manager not found
2019-11-19 19:09:55,115 file.ManagerServant INFO Master manager not found
2019-11-19 19:10:07,203 file.ManagerServant INFO Master manager not found
2019-11-19 19:10:19,303 file.ManagerServant INFO Master manager not found
2019-11-19 19:10:31,395 file.ManagerServant INFO Master manager not found
2019-11-19 19:10:43,484 file.ManagerServant INFO Master manager not found
2019-11-19 19:10:55,578 file.ManagerServant INFO Master manager not found
2019-11-19 19:11:07,684 file.ManagerServant INFO Master manager not found
2019-11-19 19:11:19,775 file.ManagerServant INFO Master manager not found
2019-11-19 19:11:31,882 file.ManagerServant INFO Master manager not found
2019-11-19 19:11:43,974 file.ManagerServant INFO Master manager not found
2019-11-19 19:11:56,072 file.ManagerServant INFO Master manager not found
2019-11-19 19:12:08,177 file.ManagerServant INFO Master manager not found
2019-11-19 19:12:20,288 file.ManagerServant INFO Master manager not found
2019-11-19 19:12:32,401 file.ManagerServant INFO Master manager not found
2019-11-19 19:12:44,505 file.ManagerServant INFO Master manager not found
2019-11-19 19:12:56,595 file.ManagerServant INFO Master manager not found
2019-11-19 19:13:08,684 file.ManagerServant INFO Master manager not found
2019-11-19 19:13:20,769 file.ManagerServant INFO Master manager not found
2019-11-19 19:13:32,867 file.ManagerServant INFO Master manager not found
2019-11-19 19:13:44,964 file.ManagerServant INFO Master manager not found
2019-11-19 19:13:57,046 file.ManagerServant INFO Master manager not found
2019-11-19 19:14:09,130 file.ManagerServant INFO Master manager not found
2019-11-19 19:14:21,237 file.ManagerServant INFO Master manager not found
2019-11-19 19:14:33,344 file.ManagerServant INFO Master manager not found
2019-11-19 19:14:45,437 file.ManagerServant INFO Master manager not found
2019-11-19 19:14:57,532 file.ManagerServant INFO Master manager not found
2019-11-19 19:15:09,632 file.ManagerServant INFO Master manager not found
2019-11-19 19:15:21,733 file.ManagerServant INFO Master manager not found
2019-11-19 19:15:33,848 file.ManagerServant INFO Master manager not found
2019-11-19 19:15:45,943 file.ManagerServant INFO Master manager not found
2019-11-19 19:15:58,046 file.ManagerServant INFO Master manager not found
2019-11-19 19:16:10,147 file.ManagerServant INFO Master manager not found
2019-11-19 19:16:22,243 file.ManagerServant INFO Master manager not found
2019-11-19 19:16:34,332 file.ManagerServant INFO Master manager not found
2019-11-19 19:16:46,440 file.ManagerServant INFO Master manager not found
2019-11-19 19:16:58,536 file.ManagerServant INFO Master manager not found
2019-11-19 19:17:10,622 file.ManagerServant INFO Master manager not found
2019-11-19 19:17:22,707 file.ManagerServant INFO Master manager not found
2019-11-19 19:17:34,802 file.ManagerServant INFO Master manager not found
2019-11-19 19:17:46,888 file.ManagerServant INFO Master manager not found
2019-11-19 19:17:58,986 file.ManagerServant INFO Master manager not found
2019-11-19 19:18:11,075 file.ManagerServant INFO Master manager not found
2019-11-19 19:18:23,176 file.ManagerServant INFO Master manager not found
2019-11-19 19:18:35,273 file.ManagerServant INFO Master manager not found
2019-11-19 19:18:47,380 file.ManagerServant INFO Master manager not found
2019-11-19 19:18:59,469 file.ManagerServant INFO Master manager not found
2019-11-19 19:19:11,562 file.ManagerServant INFO Master manager not found
2019-11-19 19:19:23,657 file.ManagerServant INFO Master manager not found
2019-11-19 19:19:35,740 file.ManagerServant INFO Master manager not found
2019-11-19 19:19:47,835 file.ManagerServant INFO Master manager not found
2019-11-19 19:19:59,921 file.ManagerServant INFO Master manager not found
2019-11-19 19:20:12,036 file.ManagerServant INFO Master manager not found
2019-11-19 19:20:24,132 file.ManagerServant INFO Master manager not found
2019-11-19 19:20:36,224 file.ManagerServant INFO Master manager not found
2019-11-19 19:20:48,332 file.ManagerServant INFO Master manager not found
2019-11-19 19:21:00,427 file.ManagerServant INFO Master manager not found
2019-11-19 19:21:12,519 file.ManagerServant INFO Master manager not found
2019-11-19 19:21:24,617 file.ManagerServant INFO Master manager not found
2019-11-19 19:21:36,706 file.ManagerServant INFO Master manager not found
2019-11-19 19:21:48,815 file.ManagerServant INFO Master manager not found
2019-11-19 19:22:00,917 file.ManagerServant INFO Master manager not found
2019-11-19 19:22:13,005 file.ManagerServant INFO Master manager not found
2019-11-19 19:22:25,096 file.ManagerServant INFO Master manager not found
2019-11-19 19:22:37,191 file.ManagerServant INFO Master manager not found
2019-11-19 19:22:49,292 file.ManagerServant INFO Master manager not found
2019-11-19 19:23:01,397 file.ManagerServant INFO Master manager not found
2019-11-19 19:23:13,484 file.ManagerServant INFO Master manager not found
2019-11-19 19:23:25,575 file.ManagerServant INFO Master manager not found
2019-11-19 19:23:37,667 file.ManagerServant INFO Master manager not found
2019-11-19 19:23:49,773 file.ManagerServant INFO Master manager not found
2019-11-19 19:24:01,855 file.ManagerServant INFO Master manager not found
2019-11-19 19:24:13,948 file.ManagerServant INFO Master manager not found
2019-11-19 19:24:26,042 file.ManagerServant INFO Master manager not found
2019-11-19 19:24:38,144 file.ManagerServant INFO Master manager not found
2019-11-19 19:24:50,234 file.ManagerServant INFO Master manager not found
2019-11-19 19:25:02,345 file.ManagerServant INFO Master manager not found
2019-11-19 19:25:14,430 file.ManagerServant INFO Master manager not found
2019-11-19 19:25:26,516 file.ManagerServant INFO Master manager not found
2019-11-19 19:25:38,619 file.ManagerServant INFO Master manager not found
2019-11-19 19:25:50,723 file.ManagerServant INFO Master manager not found
2019-11-19 19:26:02,822 file.ManagerServant INFO Master manager not found
2019-11-19 19:26:14,911 file.ManagerServant INFO Master manager not found
2019-11-19 19:26:26,997 file.ManagerServant INFO Master manager not found
2019-11-19 19:26:39,104 file.ManagerServant INFO Master manager not found
2019-11-19 19:26:51,200 file.ManagerServant INFO Master manager not found
2019-11-19 19:27:03,302 file.ManagerServant INFO Master manager not found
2019-11-19 19:27:15,390 file.ManagerServant INFO Master manager not found
2019-11-19 19:27:27,497 file.ManagerServant INFO Master manager not found
2019-11-19 19:27:39,592 file.ManagerServant INFO Master manager not found
2019-11-19 19:27:51,687 file.ManagerServant INFO Master manager not found
2019-11-19 19:28:03,779 file.ManagerServant INFO Master manager not found
2019-11-19 19:28:15,867 file.ManagerServant INFO Master manager not found
2019-11-19 19:28:27,960 file.ManagerServant INFO Master manager not found
2019-11-19 19:28:40,052 file.ManagerServant INFO Master manager not found
2019-11-19 19:28:52,157 file.ManagerServant INFO Master manager not found
2019-11-19 19:29:04,255 file.ManagerServant INFO Master manager not found
2019-11-19 19:29:16,355 file.ManagerServant INFO Master manager not found
2019-11-19 19:29:28,476 file.ManagerServant INFO Master manager not found
2019-11-19 19:29:40,578 file.ManagerServant INFO Master manager not found
2019-11-19 19:29:52,670 file.ManagerServant INFO Master manager not found
2019-11-19 19:30:04,779 file.ManagerServant INFO Master manager not found
2019-11-19 19:30:16,869 file.ManagerServant INFO Master manager not found
2019-11-19 19:30:28,970 file.ManagerServant INFO Master manager not found
2019-11-19 19:30:41,066 file.ManagerServant INFO Master manager not found
2019-11-19 19:30:53,151 file.ManagerServant INFO Master manager not found
2019-11-19 19:31:05,247 file.ManagerServant INFO Master manager not found
2019-11-19 19:31:17,349 file.ManagerServant INFO Master manager not found
2019-11-19 19:31:29,443 file.ManagerServant INFO Master manager not found
2019-11-19 19:31:41,539 file.ManagerServant INFO Master manager not found
2019-11-19 19:31:53,628 file.ManagerServant INFO Master manager not found
2019-11-19 19:32:05,717 file.ManagerServant INFO Master manager not found
2019-11-19 19:32:17,825 file.ManagerServant INFO Master manager not found
2019-11-19 19:32:29,933 file.ManagerServant INFO Master manager not found
2019-11-19 19:32:42,023 file.ManagerServant INFO Master manager not found
2019-11-19 19:32:54,108 file.ManagerServant INFO Master manager not found
2019-11-19 19:33:06,200 file.ManagerServant INFO Master manager not found
2019-11-19 19:33:18,292 file.ManagerServant INFO Master manager not found
2019-11-19 19:33:30,392 file.ManagerServant INFO Master manager not found
2019-11-19 19:33:42,490 file.ManagerServant INFO Master manager not found
2019-11-19 19:33:54,602 file.ManagerServant INFO Master manager not found
