2019-11-21 15:54:41,371 file.manager INFO 1.2.0
2019-11-21 15:54:41,371 file.manager INFO Copyright (C) 2003-2010
2019-11-21 15:54:41,371 file.manager INFO   Noriaki Ando
2019-11-21 15:54:41,371 file.manager INFO   Intelligent Systems Research Institute, AIST
2019-11-21 15:54:41,372 file.manager INFO Manager starting.
2019-11-21 15:54:41,372 file.manager INFO Starting local logging.
2019-11-21 15:54:41,378 file.manager.namingmanager INFO NameServer connection succeeded: corba/localhost
2019-11-21 15:54:43,424 file.ManagerServant INFO Master manager not found
2019-11-21 15:54:43,428 file.LocalServiceAdmin INFO All the local services are enabled.
2019-11-21 15:54:43,431 file.LocalServiceAdmin INFO All the local services are enabled.
2019-11-21 15:54:43,454 file.manager INFO Component type conf file: Human_Tracking_py.conf loaded.
2019-11-21 15:54:43,467 file.ec_base INFO setRate(1000000.000000) done
2019-11-21 15:54:43,467 file.ec_base INFO setRate(1000.000000) done
2019-11-21 15:54:43,473 file.rtobject INFO 1 execution context was created.
2019-11-21 15:54:43,487 file.rtobject INFO Initial active configuration set is default.
2019-11-21 15:54:52,789 file.SdoServiceAdmin WARNING No available SDO service in the factory: 
2019-11-21 15:54:52,789 file.SdoServiceAdmin ERROR type  already exists.
2019-11-21 15:54:55,571 file.ManagerServant INFO Master manager not found
2019-11-21 15:55:07,779 file.ManagerServant INFO Master manager not found
2019-11-21 15:55:19,924 file.ManagerServant INFO Master manager not found
2019-11-21 15:55:32,036 file.ManagerServant INFO Master manager not found
2019-11-21 15:55:44,141 file.ManagerServant INFO Master manager not found
2019-11-21 15:55:56,246 file.ManagerServant INFO Master manager not found
2019-11-21 15:56:08,358 file.ManagerServant INFO Master manager not found
2019-11-21 15:56:20,470 file.ManagerServant INFO Master manager not found
2019-11-21 15:56:32,584 file.ManagerServant INFO Master manager not found
2019-11-21 15:56:44,690 file.ManagerServant INFO Master manager not found
2019-11-21 15:56:56,811 file.ManagerServant INFO Master manager not found
2019-11-21 15:57:08,977 file.ManagerServant INFO Master manager not found
2019-11-21 15:57:21,098 file.ManagerServant INFO Master manager not found
2019-11-21 15:57:33,210 file.ManagerServant INFO Master manager not found
2019-11-21 15:57:45,334 file.ManagerServant INFO Master manager not found
2019-11-21 15:57:57,451 file.ManagerServant INFO Master manager not found
2019-11-21 15:58:09,571 file.ManagerServant INFO Master manager not found
2019-11-21 15:58:21,691 file.ManagerServant INFO Master manager not found
2019-11-21 15:58:33,828 file.ManagerServant INFO Master manager not found
2019-11-21 15:58:45,947 file.ManagerServant INFO Master manager not found
2019-11-21 15:58:58,073 file.ManagerServant INFO Master manager not found
2019-11-21 15:59:10,207 file.ManagerServant INFO Master manager not found
2019-11-21 15:59:22,336 file.ManagerServant INFO Master manager not found
