2019-11-20 16:53:03,368 file.manager INFO 1.2.0
2019-11-20 16:53:03,369 file.manager INFO Copyright (C) 2003-2010
2019-11-20 16:53:03,369 file.manager INFO   Noriaki Ando
2019-11-20 16:53:03,369 file.manager INFO   Intelligent Systems Research Institute, AIST
2019-11-20 16:53:03,371 file.manager INFO Manager starting.
2019-11-20 16:53:03,371 file.manager INFO Starting local logging.
2019-11-20 16:53:03,378 file.manager.namingmanager INFO NameServer connection succeeded: corba/localhost
2019-11-20 16:53:05,415 file.ManagerServant INFO Master manager not found
2019-11-20 16:53:05,420 file.LocalServiceAdmin INFO All the local services are enabled.
2019-11-20 16:53:05,421 file.LocalServiceAdmin INFO All the local services are enabled.
2019-11-20 16:53:05,443 file.manager INFO Component type conf file: Human_Tracking_py.conf loaded.
2019-11-20 16:53:05,457 file.ec_base INFO setRate(1000000.000000) done
2019-11-20 16:53:05,459 file.ec_base INFO setRate(100.000000) done
2019-11-20 16:53:05,463 file.rtobject INFO 1 execution context was created.
2019-11-20 16:53:05,476 file.rtobject INFO Initial active configuration set is default.
2019-11-20 16:53:09,767 file.SdoServiceAdmin WARNING No available SDO service in the factory: 
2019-11-20 16:53:09,769 file.SdoServiceAdmin ERROR type  already exists.
2019-11-20 16:53:17,588 file.ManagerServant INFO Master manager not found
2019-11-20 16:53:29,789 file.ManagerServant INFO Master manager not found
2019-11-20 16:53:42,009 file.ManagerServant INFO Master manager not found
2019-11-20 16:53:54,210 file.ManagerServant INFO Master manager not found
2019-11-20 16:54:06,408 file.ManagerServant INFO Master manager not found
2019-11-20 16:54:18,615 file.ManagerServant INFO Master manager not found
2019-11-20 16:54:30,818 file.ManagerServant INFO Master manager not found
2019-11-20 16:54:43,042 file.ManagerServant INFO Master manager not found
2019-11-20 16:54:55,260 file.ManagerServant INFO Master manager not found
2019-11-20 16:55:07,483 file.ManagerServant INFO Master manager not found
2019-11-20 16:55:19,707 file.ManagerServant INFO Master manager not found
2019-11-20 16:55:31,937 file.ManagerServant INFO Master manager not found
2019-11-20 16:55:44,151 file.ManagerServant INFO Master manager not found
2019-11-20 16:55:56,384 file.ManagerServant INFO Master manager not found
2019-11-20 16:56:08,611 file.ManagerServant INFO Master manager not found
2019-11-20 16:56:20,834 file.ManagerServant INFO Master manager not found
2019-11-20 16:56:33,088 file.ManagerServant INFO Master manager not found
2019-11-20 16:56:45,342 file.ManagerServant INFO Master manager not found
2019-11-20 16:56:57,617 file.ManagerServant INFO Master manager not found
2019-11-20 16:57:09,842 file.ManagerServant INFO Master manager not found
2019-11-20 16:57:22,058 file.ManagerServant INFO Master manager not found
2019-11-20 16:57:34,285 file.ManagerServant INFO Master manager not found
2019-11-20 16:57:46,538 file.ManagerServant INFO Master manager not found
2019-11-20 16:57:58,802 file.ManagerServant INFO Master manager not found
2019-11-20 16:58:11,046 file.ManagerServant INFO Master manager not found
2019-11-20 16:58:23,289 file.ManagerServant INFO Master manager not found
2019-11-20 16:58:35,539 file.ManagerServant INFO Master manager not found
