2019-11-26 04:17:21,286 file.manager INFO 1.2.0
2019-11-26 04:17:21,286 file.manager INFO Copyright (C) 2003-2010
2019-11-26 04:17:21,287 file.manager INFO   Noriaki Ando
2019-11-26 04:17:21,287 file.manager INFO   Intelligent Systems Research Institute, AIST
2019-11-26 04:17:21,287 file.manager INFO Manager starting.
2019-11-26 04:17:21,287 file.manager INFO Starting local logging.
2019-11-26 04:17:21,289 file.manager.namingmanager INFO NameServer connection succeeded: corba/localhost
2019-11-26 04:17:21,302 file.ManagerServant INFO Master manager not found
2019-11-26 04:17:21,304 file.LocalServiceAdmin INFO All the local services are enabled.
2019-11-26 04:17:21,306 file.LocalServiceAdmin INFO All the local services are enabled.
2019-11-26 04:17:21,315 file.manager INFO Component type conf file: Human_Tracking_py.conf loaded.
2019-11-26 04:17:21,321 file.ec_base INFO setRate(1000000.000000) done
2019-11-26 04:17:21,321 file.ec_base INFO setRate(1000.000000) done
2019-11-26 04:17:21,323 file.rtobject INFO 1 execution context was created.
2019-11-26 04:17:21,332 file.rtobject INFO Initial active configuration set is default.
2019-11-26 04:17:24,647 file.SdoServiceAdmin WARNING No available SDO service in the factory: 
2019-11-26 04:17:24,649 file.SdoServiceAdmin ERROR type  already exists.
2019-11-26 04:17:28,054 file.InPortConnector ERROR unknown endian from connector
2019-11-26 04:17:31,455 file.ManagerServant INFO Master manager not found
2019-11-26 04:17:41,572 file.ManagerServant INFO Master manager not found
2019-11-26 04:17:51,720 file.ManagerServant INFO Master manager not found
