2019-11-21 15:27:18,536 file.manager INFO 1.2.0
2019-11-21 15:27:18,538 file.manager INFO Copyright (C) 2003-2010
2019-11-21 15:27:18,538 file.manager INFO   Noriaki Ando
2019-11-21 15:27:18,539 file.manager INFO   Intelligent Systems Research Institute, AIST
2019-11-21 15:27:18,539 file.manager INFO Manager starting.
2019-11-21 15:27:18,539 file.manager INFO Starting local logging.
2019-11-21 15:27:18,543 file.manager.namingmanager INFO NameServer connection succeeded: corba/localhost
2019-11-21 15:27:20,573 file.ManagerServant INFO Master manager not found
2019-11-21 15:27:20,581 file.LocalServiceAdmin INFO All the local services are enabled.
2019-11-21 15:27:20,582 file.LocalServiceAdmin INFO All the local services are enabled.
2019-11-21 15:27:20,605 file.manager INFO Component type conf file: Human_Tracking_py.conf loaded.
2019-11-21 15:27:20,625 file.ec_base INFO setRate(1000000.000000) done
2019-11-21 15:27:20,627 file.ec_base INFO setRate(1000.000000) done
2019-11-21 15:27:20,632 file.rtobject INFO 1 execution context was created.
2019-11-21 15:27:20,651 file.rtobject INFO Initial active configuration set is default.
2019-11-21 15:27:23,434 file.SdoServiceAdmin WARNING No available SDO service in the factory: 
2019-11-21 15:27:23,436 file.SdoServiceAdmin ERROR type  already exists.
2019-11-21 15:27:29,805 file.ec_worker ERROR State of the RTC is not ACTIVE_STATE.
2019-11-21 15:27:32,790 file.ManagerServant INFO Master manager not found
2019-11-21 15:27:45,055 file.ManagerServant INFO Master manager not found
2019-11-21 15:27:57,177 file.ManagerServant INFO Master manager not found
2019-11-21 15:28:09,303 file.ManagerServant INFO Master manager not found
2019-11-21 15:28:21,427 file.ManagerServant INFO Master manager not found
2019-11-21 15:28:33,546 file.ManagerServant INFO Master manager not found
2019-11-21 15:28:45,667 file.ManagerServant INFO Master manager not found
2019-11-21 15:28:57,799 file.ManagerServant INFO Master manager not found
2019-11-21 15:29:09,937 file.ManagerServant INFO Master manager not found
2019-11-21 15:29:22,053 file.ManagerServant INFO Master manager not found
2019-11-21 15:29:34,194 file.ManagerServant INFO Master manager not found
2019-11-21 15:29:46,313 file.ManagerServant INFO Master manager not found
2019-11-21 15:29:58,428 file.ManagerServant INFO Master manager not found
2019-11-21 15:30:10,563 file.ManagerServant INFO Master manager not found
2019-11-21 15:30:22,686 file.ManagerServant INFO Master manager not found
2019-11-21 15:30:34,838 file.ManagerServant INFO Master manager not found
2019-11-21 15:30:46,973 file.ManagerServant INFO Master manager not found
2019-11-21 15:30:59,095 file.ManagerServant INFO Master manager not found
