2019-11-19 17:14:39,687 file.manager INFO 1.2.0
2019-11-19 17:14:39,687 file.manager INFO Copyright (C) 2003-2010
2019-11-19 17:14:39,687 file.manager INFO   Noriaki Ando
2019-11-19 17:14:39,687 file.manager INFO   Intelligent Systems Research Institute, AIST
2019-11-19 17:14:39,688 file.manager INFO Manager starting.
2019-11-19 17:14:39,688 file.manager INFO Starting local logging.
2019-11-19 17:14:39,694 file.manager.namingmanager INFO NameServer connection succeeded: corba/localhost
2019-11-19 17:14:41,740 file.ManagerServant INFO Master manager not found
2019-11-19 17:14:41,744 file.LocalServiceAdmin INFO All the local services are enabled.
2019-11-19 17:14:41,746 file.LocalServiceAdmin INFO All the local services are enabled.
2019-11-19 17:14:41,767 file.manager INFO Component type conf file: Human_Tracking_py.conf loaded.
2019-11-19 17:14:41,779 file.ec_base INFO setRate(1000000.000000) done
2019-11-19 17:14:41,780 file.ec_base INFO setRate(1000.000000) done
2019-11-19 17:14:41,785 file.rtobject INFO 1 execution context was created.
2019-11-19 17:14:41,801 file.rtobject INFO Initial active configuration set is default.
2019-11-19 17:14:49,990 file.SdoServiceAdmin WARNING No available SDO service in the factory: 
2019-11-19 17:14:49,990 file.SdoServiceAdmin ERROR type  already exists.
2019-11-19 17:14:53,871 file.ManagerServant INFO Master manager not found
2019-11-19 17:15:06,144 file.ManagerServant INFO Master manager not found
2019-11-19 17:15:18,421 file.ManagerServant INFO Master manager not found
2019-11-19 17:15:30,667 file.ManagerServant INFO Master manager not found
2019-11-19 17:15:42,917 file.ManagerServant INFO Master manager not found
2019-11-19 17:15:55,240 file.ManagerServant INFO Master manager not found
2019-11-19 17:16:07,506 file.ManagerServant INFO Master manager not found
2019-11-19 17:16:19,779 file.ManagerServant INFO Master manager not found
2019-11-19 17:16:32,065 file.ManagerServant INFO Master manager not found
