2019-11-21 15:25:42,448 file.manager INFO 1.2.0
2019-11-21 15:25:42,450 file.manager INFO Copyright (C) 2003-2010
2019-11-21 15:25:42,450 file.manager INFO   Noriaki Ando
2019-11-21 15:25:42,450 file.manager INFO   Intelligent Systems Research Institute, AIST
2019-11-21 15:25:42,450 file.manager INFO Manager starting.
2019-11-21 15:25:42,451 file.manager INFO Starting local logging.
2019-11-21 15:25:42,457 file.manager.namingmanager INFO NameServer connection succeeded: corba/localhost
2019-11-21 15:25:44,494 file.ManagerServant INFO Master manager not found
2019-11-21 15:25:44,500 file.LocalServiceAdmin INFO All the local services are enabled.
2019-11-21 15:25:44,503 file.LocalServiceAdmin INFO All the local services are enabled.
2019-11-21 15:25:44,523 file.manager INFO Component type conf file: Human_Tracking_py.conf loaded.
2019-11-21 15:25:44,535 file.ec_base INFO setRate(1000000.000000) done
2019-11-21 15:25:44,536 file.ec_base INFO setRate(1000.000000) done
2019-11-21 15:25:44,539 file.rtobject INFO 1 execution context was created.
2019-11-21 15:25:44,555 file.rtobject INFO Initial active configuration set is default.
2019-11-21 15:25:51,342 file.SdoServiceAdmin WARNING No available SDO service in the factory: 
2019-11-21 15:25:51,342 file.SdoServiceAdmin ERROR type  already exists.
2019-11-21 15:25:56,654 file.ManagerServant INFO Master manager not found
2019-11-21 15:26:08,831 file.ManagerServant INFO Master manager not found
2019-11-21 15:26:20,953 file.ManagerServant INFO Master manager not found
2019-11-21 15:26:33,071 file.ManagerServant INFO Master manager not found
2019-11-21 15:26:45,184 file.ManagerServant INFO Master manager not found
2019-11-21 15:26:57,306 file.ManagerServant INFO Master manager not found
2019-11-21 15:27:09,421 file.ManagerServant INFO Master manager not found
