2019-11-19 17:25:31,931 file.manager INFO 1.2.0
2019-11-19 17:25:31,933 file.manager INFO Copyright (C) 2003-2010
2019-11-19 17:25:31,933 file.manager INFO   Noriaki Ando
2019-11-19 17:25:31,934 file.manager INFO   Intelligent Systems Research Institute, AIST
2019-11-19 17:25:31,934 file.manager INFO Manager starting.
2019-11-19 17:25:31,934 file.manager INFO Starting local logging.
2019-11-19 17:25:31,938 file.manager.namingmanager INFO NameServer connection succeeded: corba/localhost
2019-11-19 17:25:33,967 file.ManagerServant INFO Master manager not found
2019-11-19 17:25:33,971 file.LocalServiceAdmin INFO All the local services are enabled.
2019-11-19 17:25:33,973 file.LocalServiceAdmin INFO All the local services are enabled.
2019-11-19 17:25:33,996 file.manager INFO Component type conf file: Human_Tracking_py.conf loaded.
2019-11-19 17:25:34,009 file.ec_base INFO setRate(1000000.000000) done
2019-11-19 17:25:34,009 file.ec_base INFO setRate(1000.000000) done
2019-11-19 17:25:34,013 file.rtobject INFO 1 execution context was created.
2019-11-19 17:25:34,029 file.rtobject INFO Initial active configuration set is default.
2019-11-19 17:25:42,046 file.SdoServiceAdmin WARNING No available SDO service in the factory: 
2019-11-19 17:25:42,046 file.SdoServiceAdmin ERROR type  already exists.
2019-11-19 17:25:46,153 file.ManagerServant INFO Master manager not found
2019-11-19 17:25:58,407 file.ManagerServant INFO Master manager not found
2019-11-19 17:26:10,698 file.ManagerServant INFO Master manager not found
2019-11-19 17:26:22,983 file.ManagerServant INFO Master manager not found
