2019-11-16 16:40:04,944 file.manager INFO 1.2.0
2019-11-16 16:40:04,946 file.manager INFO Copyright (C) 2003-2010
2019-11-16 16:40:04,947 file.manager INFO   Noriaki Ando
2019-11-16 16:40:04,947 file.manager INFO   Intelligent Systems Research Institute, AIST
2019-11-16 16:40:04,947 file.manager INFO Manager starting.
2019-11-16 16:40:04,947 file.manager INFO Starting local logging.
2019-11-16 16:40:04,953 file.manager.namingmanager INFO NameServer connection succeeded: corba/localhost
2019-11-16 16:40:06,996 file.ManagerServant INFO Master manager not found
2019-11-16 16:40:07,003 file.LocalServiceAdmin INFO All the local services are enabled.
2019-11-16 16:40:07,005 file.LocalServiceAdmin INFO All the local services are enabled.
2019-11-16 16:40:07,020 file.manager INFO Component type conf file: Human_Tracking_py.conf loaded.
2019-11-16 16:40:07,032 file.ec_base INFO setRate(1000000.000000) done
2019-11-16 16:40:07,035 file.ec_base INFO setRate(10.000000) done
2019-11-16 16:40:07,042 file.rtobject INFO 1 execution context was created.
2019-11-16 16:40:07,068 file.rtobject INFO Initial active configuration set is default.
2019-11-16 16:40:07,099 file.manager ERROR createComponent: Factory not found: LRFViewer
2019-11-16 16:40:07,200 file.manager INFO 2 loadable modules found
2019-11-16 16:40:07,201 file.manager ERROR No module for LRFViewer in loadable modules list
2019-11-16 16:40:19,076 file.ManagerServant INFO Master manager not found
2019-11-16 16:40:31,181 file.ManagerServant INFO Master manager not found
2019-11-16 16:40:43,290 file.ManagerServant INFO Master manager not found
2019-11-16 16:40:55,401 file.ManagerServant INFO Master manager not found
2019-11-16 16:41:07,519 file.ManagerServant INFO Master manager not found
2019-11-16 16:41:19,634 file.ManagerServant INFO Master manager not found
2019-11-16 16:41:31,769 file.ManagerServant INFO Master manager not found
2019-11-16 16:41:43,891 file.ManagerServant INFO Master manager not found
2019-11-16 16:41:56,006 file.ManagerServant INFO Master manager not found
