2019-11-19 17:09:08,644 file.manager INFO 1.2.0
2019-11-19 17:09:08,644 file.manager INFO Copyright (C) 2003-2010
2019-11-19 17:09:08,645 file.manager INFO   Noriaki Ando
2019-11-19 17:09:08,647 file.manager INFO   Intelligent Systems Research Institute, AIST
2019-11-19 17:09:08,647 file.manager INFO Manager starting.
2019-11-19 17:09:08,648 file.manager INFO Starting local logging.
2019-11-19 17:09:08,655 file.manager.namingmanager INFO NameServer connection succeeded: corba/localhost
2019-11-19 17:09:10,716 file.ManagerServant INFO Master manager not found
2019-11-19 17:09:10,720 file.LocalServiceAdmin INFO All the local services are enabled.
2019-11-19 17:09:10,723 file.LocalServiceAdmin INFO All the local services are enabled.
2019-11-19 17:09:10,737 file.manager INFO Component type conf file: Human_Tracking_py.conf loaded.
2019-11-19 17:09:10,749 file.ec_base INFO setRate(1000000.000000) done
2019-11-19 17:09:10,750 file.ec_base INFO setRate(1.000000) done
2019-11-19 17:09:10,753 file.rtobject INFO 1 execution context was created.
2019-11-19 17:09:10,769 file.rtobject INFO Initial active configuration set is default.
2019-11-19 17:09:15,306 file.SdoServiceAdmin WARNING No available SDO service in the factory: 
2019-11-19 17:09:15,306 file.SdoServiceAdmin ERROR type  already exists.
2019-11-19 17:09:18,822 file.ec_base WARNING The component is not responding.
2019-11-19 17:09:18,822 file.ec_base ERROR Unknown error: Invalid state transition.
2019-11-19 17:09:22,881 file.ManagerServant INFO Master manager not found
2019-11-19 17:09:35,012 file.ManagerServant INFO Master manager not found
2019-11-19 17:09:36,316 file.ec_base ERROR The component is not responding.
2019-11-19 17:09:40,563 file.ec_worker ERROR State of the RTC is not ACTIVE_STATE.
2019-11-19 17:09:41,566 file.ec_worker WARNING ExecutionContext is already stopped.
2019-11-19 17:09:41,568 file.ec_base ERROR Invoking on_shutdown() for each RTC failed.
