2019-11-19 17:16:42,586 file.manager INFO 1.2.0
2019-11-19 17:16:42,588 file.manager INFO Copyright (C) 2003-2010
2019-11-19 17:16:42,588 file.manager INFO   Noriaki Ando
2019-11-19 17:16:42,588 file.manager INFO   Intelligent Systems Research Institute, AIST
2019-11-19 17:16:42,589 file.manager INFO Manager starting.
2019-11-19 17:16:42,589 file.manager INFO Starting local logging.
2019-11-19 17:16:42,596 file.manager.namingmanager INFO NameServer connection succeeded: corba/localhost
2019-11-19 17:16:44,638 file.ManagerServant INFO Master manager not found
2019-11-19 17:16:44,644 file.LocalServiceAdmin INFO All the local services are enabled.
2019-11-19 17:16:44,644 file.LocalServiceAdmin INFO All the local services are enabled.
2019-11-19 17:16:44,671 file.manager INFO Component type conf file: Human_Tracking_py.conf loaded.
2019-11-19 17:16:44,684 file.ec_base INFO setRate(1000000.000000) done
2019-11-19 17:16:44,684 file.ec_base INFO setRate(100.000000) done
2019-11-19 17:16:44,687 file.rtobject INFO 1 execution context was created.
2019-11-19 17:16:44,700 file.rtobject INFO Initial active configuration set is default.
2019-11-19 17:16:48,641 file.SdoServiceAdmin WARNING No available SDO service in the factory: 
2019-11-19 17:16:48,641 file.SdoServiceAdmin ERROR type  already exists.
2019-11-19 17:16:56,848 file.ManagerServant INFO Master manager not found
2019-11-19 17:17:09,112 file.ManagerServant INFO Master manager not found
2019-11-19 17:17:21,415 file.ManagerServant INFO Master manager not found
2019-11-19 17:17:33,667 file.ManagerServant INFO Master manager not found
2019-11-19 17:17:45,911 file.ManagerServant INFO Master manager not found
2019-11-19 17:17:58,190 file.ManagerServant INFO Master manager not found
2019-11-19 17:18:10,482 file.ManagerServant INFO Master manager not found
2019-11-19 17:18:22,734 file.ManagerServant INFO Master manager not found
