2019-11-19 17:27:08,086 file.manager INFO 1.2.0
2019-11-19 17:27:08,088 file.manager INFO Copyright (C) 2003-2010
2019-11-19 17:27:08,089 file.manager INFO   Noriaki Ando
2019-11-19 17:27:08,089 file.manager INFO   Intelligent Systems Research Institute, AIST
2019-11-19 17:27:08,089 file.manager INFO Manager starting.
2019-11-19 17:27:08,091 file.manager INFO Starting local logging.
2019-11-19 17:27:08,095 file.manager.namingmanager INFO NameServer connection succeeded: corba/localhost
2019-11-19 17:27:10,131 file.ManagerServant INFO Master manager not found
2019-11-19 17:27:10,137 file.LocalServiceAdmin INFO All the local services are enabled.
2019-11-19 17:27:10,138 file.LocalServiceAdmin INFO All the local services are enabled.
2019-11-19 17:27:10,160 file.manager INFO Component type conf file: Human_Tracking_py.conf loaded.
2019-11-19 17:27:10,171 file.ec_base INFO setRate(1000000.000000) done
2019-11-19 17:27:10,171 file.ec_base INFO setRate(100.000000) done
2019-11-19 17:27:10,174 file.rtobject INFO 1 execution context was created.
2019-11-19 17:27:10,187 file.rtobject INFO Initial active configuration set is default.
2019-11-19 17:27:22,298 file.ManagerServant INFO Master manager not found
2019-11-19 17:27:25,286 file.SdoServiceAdmin WARNING No available SDO service in the factory: 
2019-11-19 17:27:25,286 file.SdoServiceAdmin ERROR type  already exists.
2019-11-19 17:27:34,519 file.ManagerServant INFO Master manager not found
2019-11-19 17:27:46,812 file.ManagerServant INFO Master manager not found
2019-11-19 17:27:59,082 file.ManagerServant INFO Master manager not found
2019-11-19 17:28:11,388 file.ManagerServant INFO Master manager not found
2019-11-19 17:28:23,727 file.ManagerServant INFO Master manager not found
2019-11-19 17:28:36,052 file.ManagerServant INFO Master manager not found
2019-11-19 17:28:48,493 file.ManagerServant INFO Master manager not found
2019-11-19 17:29:00,875 file.ManagerServant INFO Master manager not found
2019-11-19 17:29:13,278 file.ManagerServant INFO Master manager not found
2019-11-19 17:29:25,701 file.ManagerServant INFO Master manager not found
2019-11-19 17:29:38,105 file.ManagerServant INFO Master manager not found
2019-11-19 17:29:50,450 file.ManagerServant INFO Master manager not found
2019-11-19 17:30:02,983 file.ManagerServant INFO Master manager not found
2019-11-19 17:30:15,426 file.ManagerServant INFO Master manager not found
2019-11-19 17:30:27,937 file.ManagerServant INFO Master manager not found
2019-11-19 17:30:40,390 file.ManagerServant INFO Master manager not found
2019-11-19 17:30:52,957 file.ManagerServant INFO Master manager not found
2019-11-19 17:31:05,598 file.ManagerServant INFO Master manager not found
2019-11-19 17:31:18,323 file.ManagerServant INFO Master manager not found
2019-11-19 17:31:30,957 file.ManagerServant INFO Master manager not found
2019-11-19 17:31:43,730 file.ManagerServant INFO Master manager not found
