2019-11-20 17:20:47,792 file.manager INFO 1.2.0
2019-11-20 17:20:47,792 file.manager INFO Copyright (C) 2003-2010
2019-11-20 17:20:47,793 file.manager INFO   Noriaki Ando
2019-11-20 17:20:47,793 file.manager INFO   Intelligent Systems Research Institute, AIST
2019-11-20 17:20:47,793 file.manager INFO Manager starting.
2019-11-20 17:20:47,795 file.manager INFO Starting local logging.
2019-11-20 17:20:47,801 file.manager.namingmanager INFO NameServer connection succeeded: corba/localhost
2019-11-20 17:20:49,828 file.ManagerServant INFO Master manager not found
2019-11-20 17:20:49,834 file.LocalServiceAdmin INFO All the local services are enabled.
2019-11-20 17:20:49,835 file.LocalServiceAdmin INFO All the local services are enabled.
2019-11-20 17:20:49,852 file.manager INFO Component type conf file: Human_Tracking_py.conf loaded.
2019-11-20 17:20:49,864 file.ec_base INFO setRate(1000000.000000) done
2019-11-20 17:20:49,865 file.ec_base INFO setRate(100.000000) done
2019-11-20 17:20:49,868 file.rtobject INFO 1 execution context was created.
2019-11-20 17:20:49,881 file.rtobject INFO Initial active configuration set is default.
2019-11-20 17:20:54,964 file.SdoServiceAdmin WARNING No available SDO service in the factory: 
2019-11-20 17:20:54,964 file.SdoServiceAdmin ERROR type  already exists.
2019-11-20 17:21:01,980 file.ManagerServant INFO Master manager not found
2019-11-20 17:21:14,227 file.ManagerServant INFO Master manager not found
2019-11-20 17:21:26,450 file.ManagerServant INFO Master manager not found
2019-11-20 17:21:38,653 file.ManagerServant INFO Master manager not found
2019-11-20 17:21:50,901 file.ManagerServant INFO Master manager not found
2019-11-20 17:22:03,174 file.ManagerServant INFO Master manager not found
2019-11-20 17:22:15,423 file.ManagerServant INFO Master manager not found
2019-11-20 17:22:27,671 file.ManagerServant INFO Master manager not found
2019-11-20 17:22:39,927 file.ManagerServant INFO Master manager not found
2019-11-20 17:22:52,188 file.ManagerServant INFO Master manager not found
2019-11-20 17:23:04,463 file.ManagerServant INFO Master manager not found
2019-11-20 17:23:16,767 file.ManagerServant INFO Master manager not found
2019-11-20 17:23:29,049 file.ManagerServant INFO Master manager not found
2019-11-20 17:23:41,288 file.ManagerServant INFO Master manager not found
2019-11-20 17:23:53,529 file.ManagerServant INFO Master manager not found
2019-11-20 17:24:05,769 file.ManagerServant INFO Master manager not found
2019-11-20 17:24:18,084 file.ManagerServant INFO Master manager not found
2019-11-20 17:24:30,395 file.ManagerServant INFO Master manager not found
2019-11-20 17:24:42,648 file.ManagerServant INFO Master manager not found
2019-11-20 17:24:54,920 file.ManagerServant INFO Master manager not found
2019-11-20 17:25:07,184 file.ManagerServant INFO Master manager not found
2019-11-20 17:25:19,423 file.ManagerServant INFO Master manager not found
2019-11-20 17:25:31,703 file.ManagerServant INFO Master manager not found
2019-11-20 17:25:43,950 file.ManagerServant INFO Master manager not found
2019-11-20 17:25:56,210 file.ManagerServant INFO Master manager not found
2019-11-20 17:26:08,470 file.ManagerServant INFO Master manager not found
2019-11-20 17:26:20,719 file.ManagerServant INFO Master manager not found
2019-11-20 17:26:32,984 file.ManagerServant INFO Master manager not found
2019-11-20 17:26:45,239 file.ManagerServant INFO Master manager not found
2019-11-20 17:26:57,500 file.ManagerServant INFO Master manager not found
