2019-11-19 17:53:01,668 file.manager INFO 1.2.0
2019-11-19 17:53:01,670 file.manager INFO Copyright (C) 2003-2010
2019-11-19 17:53:01,670 file.manager INFO   Noriaki Ando
2019-11-19 17:53:01,671 file.manager INFO   Intelligent Systems Research Institute, AIST
2019-11-19 17:53:01,671 file.manager INFO Manager starting.
2019-11-19 17:53:01,671 file.manager INFO Starting local logging.
2019-11-19 17:53:01,677 file.manager.namingmanager INFO NameServer connection succeeded: corba/localhost
2019-11-19 17:53:03,714 file.ManagerServant INFO Master manager not found
2019-11-19 17:53:03,720 file.LocalServiceAdmin INFO All the local services are enabled.
2019-11-19 17:53:03,721 file.LocalServiceAdmin INFO All the local services are enabled.
2019-11-19 17:53:03,740 file.manager INFO Component type conf file: Human_Tracking_py.conf loaded.
2019-11-19 17:53:03,752 file.ec_base INFO setRate(1000000.000000) done
2019-11-19 17:53:03,753 file.ec_base INFO setRate(100.000000) done
2019-11-19 17:53:03,756 file.rtobject INFO 1 execution context was created.
2019-11-19 17:53:03,769 file.rtobject INFO Initial active configuration set is default.
2019-11-19 17:53:09,686 file.SdoServiceAdmin WARNING No available SDO service in the factory: 
2019-11-19 17:53:09,686 file.SdoServiceAdmin ERROR type  already exists.
2019-11-19 17:53:15,875 file.ManagerServant INFO Master manager not found
2019-11-19 17:53:28,109 file.ManagerServant INFO Master manager not found
2019-11-19 17:53:40,332 file.ManagerServant INFO Master manager not found
2019-11-19 17:53:52,618 file.ManagerServant INFO Master manager not found
2019-11-19 17:54:04,903 file.ManagerServant INFO Master manager not found
2019-11-19 17:54:17,200 file.ManagerServant INFO Master manager not found
2019-11-19 17:54:29,500 file.ManagerServant INFO Master manager not found
