2019-11-19 17:06:20,256 file.manager INFO 1.2.0
2019-11-19 17:06:20,257 file.manager INFO Copyright (C) 2003-2010
2019-11-19 17:06:20,257 file.manager INFO   Noriaki Ando
2019-11-19 17:06:20,259 file.manager INFO   Intelligent Systems Research Institute, AIST
2019-11-19 17:06:20,259 file.manager INFO Manager starting.
2019-11-19 17:06:20,259 file.manager INFO Starting local logging.
2019-11-19 17:06:20,265 file.manager.namingmanager INFO NameServer connection succeeded: corba/localhost
2019-11-19 17:06:22,290 file.ManagerServant INFO Master manager not found
2019-11-19 17:06:22,296 file.LocalServiceAdmin INFO All the local services are enabled.
2019-11-19 17:06:22,298 file.LocalServiceAdmin INFO All the local services are enabled.
2019-11-19 17:06:22,322 file.manager INFO Component type conf file: Human_Tracking_py.conf loaded.
2019-11-19 17:06:22,335 file.ec_base INFO setRate(1000000.000000) done
2019-11-19 17:06:22,335 file.ec_base INFO setRate(1000.000000) done
2019-11-19 17:06:22,339 file.rtobject INFO 1 execution context was created.
2019-11-19 17:06:22,352 file.rtobject INFO Initial active configuration set is default.
2019-11-19 17:06:23,734 file.SdoServiceAdmin WARNING No available SDO service in the factory: 
2019-11-19 17:06:23,734 file.SdoServiceAdmin ERROR type  already exists.
2019-11-19 17:06:34,566 file.ManagerServant INFO Master manager not found
2019-11-19 17:06:46,854 file.ManagerServant INFO Master manager not found
2019-11-19 17:06:59,084 file.ManagerServant INFO Master manager not found
2019-11-19 17:07:11,371 file.ManagerServant INFO Master manager not found
2019-11-19 17:07:23,647 file.ManagerServant INFO Master manager not found
2019-11-19 17:07:35,921 file.ManagerServant INFO Master manager not found
2019-11-19 17:07:48,203 file.ManagerServant INFO Master manager not found
