2019-11-26 04:07:26,040 file.manager INFO 1.2.0
2019-11-26 04:07:26,040 file.manager INFO Copyright (C) 2003-2010
2019-11-26 04:07:26,041 file.manager INFO   Noriaki Ando
2019-11-26 04:07:26,041 file.manager INFO   Intelligent Systems Research Institute, AIST
2019-11-26 04:07:26,041 file.manager INFO Manager starting.
2019-11-26 04:07:26,041 file.manager INFO Starting local logging.
2019-11-26 04:07:26,044 file.manager.namingmanager INFO NameServer connection succeeded: corba/localhost
2019-11-26 04:07:26,055 file.ManagerServant INFO Master manager not found
2019-11-26 04:07:26,058 file.LocalServiceAdmin INFO All the local services are enabled.
2019-11-26 04:07:26,059 file.LocalServiceAdmin INFO All the local services are enabled.
2019-11-26 04:07:26,068 file.manager INFO Component type conf file: Human_Tracking_py.conf loaded.
2019-11-26 04:07:26,076 file.ec_base INFO setRate(1000000.000000) done
2019-11-26 04:07:26,077 file.ec_base INFO setRate(1000.000000) done
2019-11-26 04:07:26,079 file.rtobject INFO 1 execution context was created.
2019-11-26 04:07:26,085 file.rtobject INFO Initial active configuration set is default.
2019-11-26 04:07:30,682 file.SdoServiceAdmin WARNING No available SDO service in the factory: 
2019-11-26 04:07:30,682 file.SdoServiceAdmin ERROR type  already exists.
2019-11-26 04:07:36,195 file.ManagerServant INFO Master manager not found
2019-11-26 04:07:46,287 file.ManagerServant INFO Master manager not found
2019-11-26 04:07:56,372 file.ManagerServant INFO Master manager not found
