2019-11-19 17:21:40,694 file.manager INFO 1.2.0
2019-11-19 17:21:40,694 file.manager INFO Copyright (C) 2003-2010
2019-11-19 17:21:40,696 file.manager INFO   Noriaki Ando
2019-11-19 17:21:40,696 file.manager INFO   Intelligent Systems Research Institute, AIST
2019-11-19 17:21:40,696 file.manager INFO Manager starting.
2019-11-19 17:21:40,697 file.manager INFO Starting local logging.
2019-11-19 17:21:40,701 file.manager.namingmanager INFO NameServer connection succeeded: corba/localhost
2019-11-19 17:21:42,747 file.ManagerServant INFO Master manager not found
2019-11-19 17:21:42,752 file.LocalServiceAdmin INFO All the local services are enabled.
2019-11-19 17:21:42,753 file.LocalServiceAdmin INFO All the local services are enabled.
2019-11-19 17:21:42,775 file.manager INFO Component type conf file: Human_Tracking_py.conf loaded.
2019-11-19 17:21:42,786 file.ec_base INFO setRate(1000000.000000) done
2019-11-19 17:21:42,788 file.ec_base INFO setRate(100.000000) done
2019-11-19 17:21:42,792 file.rtobject INFO 1 execution context was created.
2019-11-19 17:21:42,805 file.rtobject INFO Initial active configuration set is default.
2019-11-19 17:21:54,890 file.ManagerServant INFO Master manager not found
2019-11-19 17:21:58,736 file.SdoServiceAdmin WARNING No available SDO service in the factory: 
2019-11-19 17:21:58,736 file.SdoServiceAdmin ERROR type  already exists.
2019-11-19 17:22:07,138 file.ManagerServant INFO Master manager not found
2019-11-19 17:22:19,355 file.ManagerServant INFO Master manager not found
2019-11-19 17:22:31,604 file.ManagerServant INFO Master manager not found
2019-11-19 17:22:43,869 file.ManagerServant INFO Master manager not found
2019-11-19 17:22:56,148 file.ManagerServant INFO Master manager not found
2019-11-19 17:23:08,448 file.ManagerServant INFO Master manager not found
2019-11-19 17:23:20,753 file.ManagerServant INFO Master manager not found
2019-11-19 17:23:33,076 file.ManagerServant INFO Master manager not found
2019-11-19 17:23:45,437 file.ManagerServant INFO Master manager not found
2019-11-19 17:23:48,522 file.ec_base ERROR The component is not responding.
2019-11-19 17:23:48,523 file.ec_base ERROR Unknown error: Invalid state transition.
2019-11-19 17:23:57,992 file.ManagerServant INFO Master manager not found
