2019-11-21 15:31:08,910 file.manager INFO 1.2.0
2019-11-21 15:31:08,911 file.manager INFO Copyright (C) 2003-2010
2019-11-21 15:31:08,911 file.manager INFO   Noriaki Ando
2019-11-21 15:31:08,911 file.manager INFO   Intelligent Systems Research Institute, AIST
2019-11-21 15:31:08,911 file.manager INFO Manager starting.
2019-11-21 15:31:08,911 file.manager INFO Starting local logging.
2019-11-21 15:31:08,917 file.manager.namingmanager INFO NameServer connection succeeded: corba/localhost
2019-11-21 15:31:10,944 file.ManagerServant INFO Master manager not found
2019-11-21 15:31:10,948 file.LocalServiceAdmin INFO All the local services are enabled.
2019-11-21 15:31:10,950 file.LocalServiceAdmin INFO All the local services are enabled.
2019-11-21 15:31:10,967 file.manager INFO Component type conf file: Human_Tracking_py.conf loaded.
2019-11-21 15:31:10,979 file.ec_base INFO setRate(1000000.000000) done
2019-11-21 15:31:10,980 file.ec_base INFO setRate(1000.000000) done
2019-11-21 15:31:10,983 file.rtobject INFO 1 execution context was created.
2019-11-21 15:31:10,996 file.rtobject INFO Initial active configuration set is default.
2019-11-21 15:31:17,921 file.SdoServiceAdmin WARNING No available SDO service in the factory: 
2019-11-21 15:31:17,921 file.SdoServiceAdmin ERROR type  already exists.
2019-11-21 15:31:23,134 file.ManagerServant INFO Master manager not found
2019-11-21 15:31:35,341 file.ManagerServant INFO Master manager not found
2019-11-21 15:31:47,559 file.ManagerServant INFO Master manager not found
2019-11-21 15:31:59,756 file.ManagerServant INFO Master manager not found
2019-11-21 15:32:11,910 file.ManagerServant INFO Master manager not found
2019-11-21 15:32:24,025 file.ManagerServant INFO Master manager not found
2019-11-21 15:32:36,171 file.ManagerServant INFO Master manager not found
2019-11-21 15:32:48,296 file.ManagerServant INFO Master manager not found
2019-11-21 15:33:00,407 file.ManagerServant INFO Master manager not found
2019-11-21 15:33:12,529 file.ManagerServant INFO Master manager not found
2019-11-21 15:33:24,648 file.ManagerServant INFO Master manager not found
2019-11-21 15:33:36,767 file.ManagerServant INFO Master manager not found
